
============================================================
  TPCH SF=1 (3 queries, 3 reps)
============================================================
  q1: min=1.229ms avg=13.2ms [OK]
  q3: min=0.96ms avg=4.7ms [OK]
  q6: min=0.572ms avg=1.6ms [OK]
  --- 3/3 OK

============================================================
  TPCH SF=5 (3 queries, 3 reps)
============================================================
  q1: min=52.978ms avg=61.6ms [OK]
  q3: min=7.316ms avg=14.4ms [OK]
  q6: min=2.696ms avg=3.4ms [OK]
  --- 3/3 OK

============================================================
  TPCH SF=10 (3 queries, 3 reps)
============================================================
  q1: min=104.363ms avg=112.7ms [OK]
  q3: min=13.42ms avg=23.0ms [OK]
  q6: min=5.146ms avg=6.5ms [OK]
  --- 3/3 OK

============================================================
  TPCH SF=20 (3 queries, 3 reps)
============================================================
  Full batch incomplete (0/3), retrying...
  q1: NO DATA [FAIL]
  q3: NO DATA [FAIL]
  q6: NO DATA [FAIL]
  --- 0/3 OK

============================================================
  H2O SF=1gb (3 queries, 3 reps)
============================================================
  q1: min=14.431ms avg=23.2ms [OK]
  q3: min=185.859ms avg=188.5ms [OK]
  q5: min=9.783ms avg=10.1ms [OK]
  --- 3/3 OK

============================================================
  H2O SF=2gb (3 queries, 3 reps)
============================================================
  q1: min=28.215ms avg=38.0ms [OK]
  q3: min=219.607ms avg=223.4ms [OK]
  q5: min=18.81ms avg=19.2ms [OK]
  --- 3/3 OK

============================================================
  H2O SF=3gb (3 queries, 3 reps)
============================================================
  q1: min=42.204ms avg=51.2ms [OK]
  q3: min=249.626ms avg=254.0ms [OK]
  q5: min=27.881ms avg=28.2ms [OK]
  --- 3/3 OK

============================================================
  H2O SF=4gb (3 queries, 3 reps)
============================================================
  q1: min=56.213ms avg=63.5ms [OK]
  q3: min=278.667ms avg=282.1ms [OK]
  q5: min=36.972ms avg=37.3ms [OK]
  --- 3/3 OK

============================================================
  CLICKBENCH SF=1 (3 queries, 3 reps)
============================================================
  q1: min=0.527ms avg=3.2ms [OK]
  q6: min=0.939ms avg=2.7ms [OK]
  q20: min=18.094ms avg=18.5ms [OK]
  --- 3/3 OK

============================================================
  CLICKBENCH SF=5 (3 queries, 3 reps)
============================================================
  q1: min=0.595ms avg=3.2ms [OK]
  q6: min=3.439ms avg=4.8ms [OK]
  q20: min=61.625ms avg=62.0ms [OK]
  --- 3/3 OK

============================================================
  CLICKBENCH SF=10 (3 queries, 3 reps)
============================================================
  q1: min=0.658ms avg=3.2ms [OK]
  q6: min=6.823ms avg=8.2ms [OK]
  q20: min=107.417ms avg=107.7ms [OK]
  --- 3/3 OK

============================================================
  CLICKBENCH SF=20 (3 queries, 3 reps)
============================================================
  q1: min=0.874ms avg=3.4ms [OK]
  q6: min=13.183ms avg=14.6ms [OK]
  q20: min=185.096ms avg=185.6ms [OK]
  --- 3/3 OK

============================================================
  MICROBENCH_TPCH SF=1 (3 queries, 3 reps)
============================================================
  w1_002: min=0.475ms avg=1.5ms [OK]
  w3_001: min=0.288ms avg=8.0ms [OK]
  w5a_029: min=0.436ms avg=0.6ms [OK]
  --- 3/3 OK

============================================================
  MICROBENCH_TPCH SF=5 (3 queries, 3 reps)
============================================================
  w1_002: min=2.803ms avg=3.9ms [OK]
  w3_001: min=0.703ms avg=7.9ms [OK]
  w5a_029: min=7.255ms avg=9.9ms [OK]
  --- 3/3 OK

============================================================
  MICROBENCH_TPCH SF=10 (3 queries, 3 reps)
============================================================
  w1_002: min=5.104ms avg=6.2ms [OK]
  w3_001: min=1.09ms avg=10.6ms [OK]
  w5a_029: min=14.898ms avg=18.3ms [OK]
  --- 3/3 OK

============================================================
  MICROBENCH_TPCH SF=20 (3 queries, 3 reps)
============================================================
  w1_002: min=9.754ms avg=10.9ms [OK]
  w3_001: min=1.861ms avg=7.9ms [OK]
  w5a_029: min=31.543ms avg=34.6ms [OK]
  --- 3/3 OK

============================================================
  MICROBENCH_H2O SF=1gb (3 queries, 3 reps)
============================================================
  w1_001: min=0.448ms avg=0.9ms [OK]
  w3_016: min=14.305ms avg=20.9ms [OK]
  w6_022: min=36.442ms avg=38.4ms [OK]
  --- 3/3 OK

============================================================
  MICROBENCH_H2O SF=2gb (3 queries, 3 reps)
============================================================
  w1_001: min=0.449ms avg=0.9ms [OK]
  w3_016: min=28.227ms avg=34.8ms [OK]
  w6_022: min=73.712ms avg=75.8ms [OK]
  --- 3/3 OK

============================================================
  MICROBENCH_H2O SF=3gb (3 queries, 3 reps)
============================================================
  w1_001: min=0.457ms avg=0.9ms [OK]
  w3_016: min=42.099ms avg=47.8ms [OK]
  w6_022: min=109.676ms avg=111.7ms [OK]
  --- 3/3 OK

============================================================
  MICROBENCH_H2O SF=4gb (3 queries, 3 reps)
============================================================
  w1_001: min=0.465ms avg=0.9ms [OK]
  w3_016: min=55.979ms avg=60.6ms [OK]
  w6_022: min=147.143ms avg=149.3ms [OK]
  --- 3/3 OK

============================================================
  MICROBENCH_CLICKBENCH SF=1 (3 queries, 3 reps)
============================================================
  w1_001: min=0.447ms avg=0.9ms [OK]
  w3_011: min=0.29ms avg=5.5ms [OK]
  w6_016: min=0.345ms avg=2.3ms [OK]
  --- 3/3 OK

============================================================
  MICROBENCH_CLICKBENCH SF=5 (3 queries, 3 reps)
============================================================
  w1_001: min=0.451ms avg=0.9ms [OK]
  w3_011: min=0.831ms avg=6.4ms [OK]
  w6_016: min=1.092ms avg=3.0ms [OK]
  --- 3/3 OK

============================================================
  MICROBENCH_CLICKBENCH SF=10 (3 queries, 3 reps)
============================================================
  w1_001: min=0.456ms avg=0.9ms [OK]
  w3_011: min=1.475ms avg=7.6ms [OK]
  w6_016: min=2.052ms avg=4.3ms [OK]
  --- 3/3 OK

============================================================
  MICROBENCH_CLICKBENCH SF=20 (3 queries, 3 reps)
============================================================
  w1_001: min=0.513ms avg=1.0ms [OK]
  w3_011: min=2.75ms avg=8.1ms [OK]
  w6_016: min=3.923ms avg=5.8ms [OK]
  --- 3/3 OK

============================================================
  DONE (163s = 2.7min)
  Results: /workspace/gpu_db/results/maximus_benchmark.csv
============================================================
  TPCH: 9/12 OK
    SF=1: 3/3 OK
    SF=5: 3/3 OK
    SF=10: 3/3 OK
    SF=20: 0/3 OK  FAIL: q1, q3, q6
  H2O: 12/12 OK
    SF=1gb: 3/3 OK
    SF=2gb: 3/3 OK
    SF=3gb: 3/3 OK
    SF=4gb: 3/3 OK
  CLICKBENCH: 12/12 OK
    SF=1: 3/3 OK
    SF=5: 3/3 OK
    SF=10: 3/3 OK
    SF=20: 3/3 OK
  MICROBENCH_TPCH: 12/12 OK
    SF=1: 3/3 OK
    SF=5: 3/3 OK
    SF=10: 3/3 OK
    SF=20: 3/3 OK
  MICROBENCH_H2O: 12/12 OK
    SF=1gb: 3/3 OK
    SF=2gb: 3/3 OK
    SF=3gb: 3/3 OK
    SF=4gb: 3/3 OK
  MICROBENCH_CLICKBENCH: 12/12 OK
    SF=1: 3/3 OK
    SF=5: 3/3 OK
    SF=10: 3/3 OK
    SF=20: 3/3 OK
