======================================================================
  MAXIMUS GPU STEADY-STATE METRICS
  Target: 10.0s sustained execution per query
  Started: 2026-03-16 08:29:14.236207
======================================================================

======================================================================
  METRICS: TPCH SF=1
  Target: 10.0s sustained execution per query
  Started: 2026-03-16 08:29:14.236424
======================================================================

--- Phase 1: Using pre-computed timing from A1/B1 ---
  q1: 1.229ms (from timing CSV)
  q3: 0.96ms (from timing CSV)
  q6: 0.572ms (from timing CSV)

--- Phase 2: Calculate n_reps ---
  q1: 1.229ms x 1000 reps = 1.2s (gpu)
  q3: 0.96ms x 1000 reps = 1.0s (gpu)
  q6: 0.572ms x 1000 reps = 1.0s (gpu)

--- Phase 3: Metrics run with nvidia-smi sampling ---
  q1 (1000 reps, -s gpu)... 24.000ms, 5.6s, GPU:63W CPU:0W, 100%util, 40772MB, GPU_E:1.5201J CPU_E:0.0000J [OK]
  q3 (1000 reps, -s gpu)... 38.000ms, 5.6s, GPU:64W CPU:0W, 100%util, 40772MB, GPU_E:2.4505J CPU_E:0.0000J [OK]
  q6 (1000 reps, -s gpu)... 9.000ms, 4.8s, GPU:64W CPU:0W, 100%util, 40768MB, GPU_E:0.5747J CPU_E:0.0000J [OK]

  Samples: /workspace/gpu_db/results/maximus_tpch_sf1_metrics_samples_20260316_082914.csv (189 samples)
  Summary: /workspace/gpu_db/results/maximus_tpch_sf1_metrics_summary_20260316_082914.csv (3 queries)

======================================================================
  METRICS: TPCH SF=5
  Target: 10.0s sustained execution per query
  Started: 2026-03-16 08:29:30.267389
======================================================================

--- Phase 1: Using pre-computed timing from A1/B1 ---
  q1: 52.978ms (from timing CSV)
  q3: 7.316ms (from timing CSV)
  q6: 2.696ms (from timing CSV)

--- Phase 2: Calculate n_reps ---
  q1: 52.978ms x 189 reps = 10.0s (gpu)
  q3: 7.316ms x 1000 reps = 7.3s (gpu)
  q6: 2.696ms x 1000 reps = 2.7s (gpu)

--- Phase 3: Metrics run with nvidia-smi sampling ---
  q1 (189 reps, -s gpu)... 82.000ms, 17.2s, GPU:162W CPU:0W, 100%util, 40772MB, GPU_E:13.2803J CPU_E:0.0000J [OK]
  q3 (1000 reps, -s gpu)... 63.000ms, 27.1s, GPU:195W CPU:0W, 100%util, 40812MB, GPU_E:12.2901J CPU_E:0.0000J [OK]
  q6 (1000 reps, -s gpu)... 11.000ms, 19.6s, GPU:200W CPU:0W, 100%util, 40766MB, GPU_E:2.1998J CPU_E:0.0000J [OK]

  Samples: /workspace/gpu_db/results/maximus_tpch_sf5_metrics_samples_20260316_082930.csv (838 samples)
  Summary: /workspace/gpu_db/results/maximus_tpch_sf5_metrics_summary_20260316_082930.csv (3 queries)

======================================================================
  METRICS: TPCH SF=10
  Target: 10.0s sustained execution per query
  Started: 2026-03-16 08:30:34.200324
======================================================================

--- Phase 1: Using pre-computed timing from A1/B1 ---
  q1: 104.363ms (from timing CSV)
  q3: 13.42ms (from timing CSV)
  q6: 5.146ms (from timing CSV)

--- Phase 2: Calculate n_reps ---
  q1: 104.363ms x 96 reps = 10.0s (gpu)
  q3: 13.42ms x 746 reps = 10.0s (gpu)
  q6: 5.146ms x 1000 reps = 5.1s (gpu)

--- Phase 3: Metrics run with nvidia-smi sampling ---
  q1 (96 reps, -s gpu)... 128.000ms, 18.2s, GPU:160W CPU:0W, 100%util, 40772MB, GPU_E:20.4930J CPU_E:0.0000J [OK]
  q3 (746 reps, -s gpu)... 
  ⚠ MEMORY LEAK DETECTED for q3: +2874MB (48505→51379MB)
60.000ms, 37.0s, GPU:205W CPU:0W, 100%util, 56934MB, GPU_E:12.2778J CPU_E:0.0000J [OK]
  q6 (1000 reps, -s gpu)... 13.000ms, 33.7s, GPU:198W CPU:0W, 100%util, 40768MB, GPU_E:2.5738J CPU_E:0.0000J [OK]

  Samples: /workspace/gpu_db/results/maximus_tpch_sf10_metrics_samples_20260316_083034.csv (1173 samples)
  Summary: /workspace/gpu_db/results/maximus_tpch_sf10_metrics_summary_20260316_083034.csv (3 queries)
  [WARN] No timing data in CSV for tpch SF=20, will calibrate

======================================================================
  METRICS: TPCH SF=20
  Target: 10.0s sustained execution per query
  Started: 2026-03-16 08:32:03.098989
======================================================================

--- Phase 1: Calibration (3 reps, -s gpu) ---
  q1... OOM (skip)
  q3... OOM (skip)
  q6... OOM (skip)

--- Phase 2: Calculate n_reps ---
  q1: 0ms x 1000 reps = 1.0s (oom)
  q3: 0ms x 1000 reps = 1.0s (oom)
  q6: 0ms x 1000 reps = 1.0s (oom)

--- Phase 3: Metrics run with nvidia-smi sampling ---
  q1: SKIP (oom)
  q3: SKIP (oom)
  q6: SKIP (oom)

  Samples: /workspace/gpu_db/results/maximus_tpch_sf20_metrics_samples_20260316_083203.csv (0 samples)
  Summary: /workspace/gpu_db/results/maximus_tpch_sf20_metrics_summary_20260316_083203.csv (0 queries)

======================================================================
  METRICS: H2O SF=1gb
  Target: 10.0s sustained execution per query
  Started: 2026-03-16 08:32:27.910485
======================================================================

--- Phase 1: Using pre-computed timing from A1/B1 ---
  q1: 14.431ms (from timing CSV)
  q3: 185.859ms (from timing CSV)
  q5: 9.783ms (from timing CSV)

--- Phase 2: Calculate n_reps ---
  q1: 14.431ms x 693 reps = 10.0s (gpu)
  q3: 185.859ms x 54 reps = 10.0s (gpu)
  q5: 9.783ms x 1000 reps = 9.8s (gpu)

--- Phase 3: Metrics run with nvidia-smi sampling ---
  q1 (693 reps, -s gpu)... 43.000ms, 19.5s, GPU:134W CPU:0W, 100%util, 40770MB, GPU_E:5.7677J CPU_E:0.0000J [OK]
  q3 (54 reps, -s gpu)... 221.000ms, 16.0s, GPU:89W CPU:0W, 100%util, 40776MB, GPU_E:19.6011J CPU_E:0.0000J [OK]
  q5 (1000 reps, -s gpu)... 42.000ms, 19.9s, GPU:190W CPU:0W, 100%util, 40774MB, GPU_E:7.9631J CPU_E:0.0000J [OK]

  Samples: /workspace/gpu_db/results/maximus_h2o_sf1gb_metrics_samples_20260316_083227.csv (711 samples)
  Summary: /workspace/gpu_db/results/maximus_h2o_sf1gb_metrics_summary_20260316_083227.csv (3 queries)

======================================================================
  METRICS: H2O SF=2gb
  Target: 10.0s sustained execution per query
  Started: 2026-03-16 08:33:23.363040
======================================================================

--- Phase 1: Using pre-computed timing from A1/B1 ---
  q1: 28.215ms (from timing CSV)
  q3: 219.607ms (from timing CSV)
  q5: 18.81ms (from timing CSV)

--- Phase 2: Calculate n_reps ---
  q1: 28.215ms x 355 reps = 10.0s (gpu)
  q3: 219.607ms x 46 reps = 10.1s (gpu)
  q5: 18.81ms x 532 reps = 10.0s (gpu)

--- Phase 3: Metrics run with nvidia-smi sampling ---
  q1 (355 reps, -s gpu)... 52.000ms, 18.8s, GPU:149W CPU:0W, 100%util, 40770MB, GPU_E:7.7231J CPU_E:0.0000J [OK]
  q3 (46 reps, -s gpu)... 257.000ms, 16.3s, GPU:100W CPU:0W, 100%util, 40776MB, GPU_E:25.7482J CPU_E:0.0000J [OK]
  q5 (532 reps, -s gpu)... 42.000ms, 20.9s, GPU:191W CPU:0W, 100%util, 40774MB, GPU_E:8.0107J CPU_E:0.0000J [OK]

  Samples: /workspace/gpu_db/results/maximus_h2o_sf2gb_metrics_samples_20260316_083323.csv (733 samples)
  Summary: /workspace/gpu_db/results/maximus_h2o_sf2gb_metrics_summary_20260316_083323.csv (3 queries)

======================================================================
  METRICS: H2O SF=3gb
  Target: 10.0s sustained execution per query
  Started: 2026-03-16 08:34:19.382296
======================================================================

--- Phase 1: Using pre-computed timing from A1/B1 ---
  q1: 42.204ms (from timing CSV)
  q3: 249.626ms (from timing CSV)
  q5: 27.881ms (from timing CSV)

--- Phase 2: Calculate n_reps ---
  q1: 42.204ms x 237 reps = 10.0s (gpu)
  q3: 249.626ms x 41 reps = 10.2s (gpu)
  q5: 27.881ms x 359 reps = 10.0s (gpu)

--- Phase 3: Metrics run with nvidia-smi sampling ---
  q1 (237 reps, -s gpu)... 64.000ms, 19.2s, GPU:147W CPU:0W, 100%util, 40770MB, GPU_E:9.3992J CPU_E:0.0000J [OK]
  q3 (41 reps, -s gpu)... 289.000ms, 16.7s, GPU:113W CPU:0W, 100%util, 40776MB, GPU_E:32.6230J CPU_E:0.0000J [OK]
  q5 (359 reps, -s gpu)... 51.000ms, 21.4s, GPU:191W CPU:0W, 100%util, 40774MB, GPU_E:9.7281J CPU_E:0.0000J [OK]

  Samples: /workspace/gpu_db/results/maximus_h2o_sf3gb_metrics_samples_20260316_083419.csv (752 samples)
  Summary: /workspace/gpu_db/results/maximus_h2o_sf3gb_metrics_summary_20260316_083419.csv (3 queries)

======================================================================
  METRICS: H2O SF=4gb
  Target: 10.0s sustained execution per query
  Started: 2026-03-16 08:35:16.660510
======================================================================

--- Phase 1: Using pre-computed timing from A1/B1 ---
  q1: 56.213ms (from timing CSV)
  q3: 278.667ms (from timing CSV)
  q5: 36.972ms (from timing CSV)

--- Phase 2: Calculate n_reps ---
  q1: 56.213ms x 178 reps = 10.0s (gpu)
  q3: 278.667ms x 36 reps = 10.0s (gpu)
  q5: 36.972ms x 271 reps = 10.0s (gpu)

--- Phase 3: Metrics run with nvidia-smi sampling ---
  q1 (178 reps, -s gpu)... 85.000ms, 19.6s, GPU:147W CPU:0W, 100%util, 40770MB, GPU_E:12.4816J CPU_E:0.0000J [OK]
  q3 (36 reps, -s gpu)... 318.000ms, 16.6s, GPU:118W CPU:0W, 100%util, 40776MB, GPU_E:37.4603J CPU_E:0.0000J [OK]
  q5 (271 reps, -s gpu)... 68.000ms, 21.7s, GPU:193W CPU:0W, 100%util, 40774MB, GPU_E:13.1449J CPU_E:0.0000J [OK]

  Samples: /workspace/gpu_db/results/maximus_h2o_sf4gb_metrics_samples_20260316_083516.csv (758 samples)
  Summary: /workspace/gpu_db/results/maximus_h2o_sf4gb_metrics_summary_20260316_083516.csv (3 queries)

======================================================================
  METRICS: CLICKBENCH SF=1
  Target: 10.0s sustained execution per query
  Started: 2026-03-16 08:36:14.578010
======================================================================

--- Phase 1: Using pre-computed timing from A1/B1 ---
  q1: 0.527ms (from timing CSV)
  q6: 0.939ms (from timing CSV)
  q20: 18.094ms (from timing CSV)

--- Phase 2: Calculate n_reps ---
  q1: 0.527ms x 1000 reps = 1.0s (gpu)
  q6: 0.939ms x 1000 reps = 1.0s (gpu)
  q20: 18.094ms x 553 reps = 10.0s (gpu)

--- Phase 3: Metrics run with nvidia-smi sampling ---
  q1 (1000 reps, -s gpu)... 8.000ms, 8.7s, GPU:123W CPU:0W, 100%util, 40766MB, GPU_E:0.9844J CPU_E:0.0000J [OK]
  q6 (1000 reps, -s gpu)... 7.000ms, 9.0s, GPU:120W CPU:0W, 100%util, 40768MB, GPU_E:0.8399J CPU_E:0.0000J [OK]
  q20 (553 reps, -s gpu)... 25.000ms, 16.3s, GPU:179W CPU:0W, 100%util, 40768MB, GPU_E:4.4662J CPU_E:0.0000J [OK]

  Samples: /workspace/gpu_db/results/maximus_clickbench_sf1_metrics_samples_20260316_083614.csv (435 samples)
  Summary: /workspace/gpu_db/results/maximus_clickbench_sf1_metrics_summary_20260316_083614.csv (3 queries)

======================================================================
  METRICS: CLICKBENCH SF=5
  Target: 10.0s sustained execution per query
  Started: 2026-03-16 08:36:48.574095
======================================================================

--- Phase 1: Using pre-computed timing from A1/B1 ---
  q1: 0.595ms (from timing CSV)
  q6: 3.439ms (from timing CSV)
  q20: 61.625ms (from timing CSV)

--- Phase 2: Calculate n_reps ---
  q1: 0.595ms x 1000 reps = 1.0s (gpu)
  q6: 3.439ms x 1000 reps = 3.4s (gpu)
  q20: 61.625ms x 163 reps = 10.0s (gpu)

--- Phase 3: Metrics run with nvidia-smi sampling ---
  q1 (1000 reps, -s gpu)... 8.000ms, 16.9s, GPU:181W CPU:0W, 100%util, 40766MB, GPU_E:1.4468J CPU_E:0.0000J [OK]
  q6 (1000 reps, -s gpu)... 8.000ms, 19.6s, GPU:162W CPU:0W, 100%util, 40768MB, GPU_E:1.2922J CPU_E:0.0000J [OK]
  q20 (163 reps, -s gpu)... 69.000ms, 16.6s, GPU:219W CPU:0W, 100%util, 40766MB, GPU_E:15.0805J CPU_E:0.0000J [OK]

  Samples: /workspace/gpu_db/results/maximus_clickbench_sf5_metrics_samples_20260316_083648.csv (690 samples)
  Summary: /workspace/gpu_db/results/maximus_clickbench_sf5_metrics_summary_20260316_083648.csv (3 queries)

======================================================================
  METRICS: CLICKBENCH SF=10
  Target: 10.0s sustained execution per query
  Started: 2026-03-16 08:37:41.694378
======================================================================

--- Phase 1: Using pre-computed timing from A1/B1 ---
  q1: 0.658ms (from timing CSV)
  q6: 6.823ms (from timing CSV)
  q20: 107.417ms (from timing CSV)

--- Phase 2: Calculate n_reps ---
  q1: 0.658ms x 1000 reps = 1.0s (gpu)
  q6: 6.823ms x 1000 reps = 6.8s (gpu)
  q20: 107.417ms x 94 reps = 10.1s (gpu)

--- Phase 3: Metrics run with nvidia-smi sampling ---
  q1 (1000 reps, -s gpu)... 8.000ms, 27.4s, GPU:191W CPU:0W, 100%util, 40768MB, GPU_E:1.5305J CPU_E:0.0000J [OK]
  q6 (1000 reps, -s gpu)... 11.000ms, 33.3s, GPU:167W CPU:0W, 100%util, 40768MB, GPU_E:1.8380J CPU_E:0.0000J [OK]
  q20 (94 reps, -s gpu)... 115.000ms, 17.3s, GPU:234W CPU:0W, 100%util, 40766MB, GPU_E:26.8581J CPU_E:0.0000J [OK]

  Samples: /workspace/gpu_db/results/maximus_clickbench_sf10_metrics_samples_20260316_083741.csv (1028 samples)
  Summary: /workspace/gpu_db/results/maximus_clickbench_sf10_metrics_summary_20260316_083741.csv (3 queries)

======================================================================
  METRICS: CLICKBENCH SF=20
  Target: 10.0s sustained execution per query
  Started: 2026-03-16 08:38:59.767806
======================================================================

--- Phase 1: Using pre-computed timing from A1/B1 ---
  q1: 0.874ms (from timing CSV)
  q6: 13.183ms (from timing CSV)
  q20: 185.096ms (from timing CSV)

--- Phase 2: Calculate n_reps ---
  q1: 0.874ms x 1000 reps = 1.0s (gpu)
  q6: 13.183ms x 759 reps = 10.0s (gpu)
  q20: 185.096ms x 55 reps = 10.2s (gpu)

--- Phase 3: Metrics run with nvidia-smi sampling ---
  q1 (1000 reps, -s gpu)... 
  ⚠ MEMORY LEAK DETECTED for q1: +3138MB (49292→52430MB)
8.000ms, 46.1s, GPU:202W CPU:0W, 100%util, 56890MB, GPU_E:1.6197J CPU_E:0.0000J [OK]
  q6 (759 reps, -s gpu)... 
  ⚠ MEMORY LEAK DETECTED for q6: +3618MB (49186→52804MB)
17.000ms, 45.9s, GPU:164W CPU:0W, 100%util, 56890MB, GPU_E:2.7818J CPU_E:0.0000J [OK]
  q20 (55 reps, -s gpu)... 
  ⚠ MEMORY LEAK DETECTED for q20: +7952MB (38753→46704MB)
193.000ms, 18.7s, GPU:201W CPU:0W, 100%util, 56888MB, GPU_E:38.8414J CPU_E:0.0000J [OK]

  Samples: /workspace/gpu_db/results/maximus_clickbench_sf20_metrics_samples_20260316_083859.csv (1466 samples)
  Summary: /workspace/gpu_db/results/maximus_clickbench_sf20_metrics_summary_20260316_083859.csv (3 queries)

======================================================================
  METRICS: MICROBENCH_TPCH SF=1
  Target: 10.0s sustained execution per query
  Started: 2026-03-16 08:40:50.449896
======================================================================

--- Phase 1: Using pre-computed timing from A1/B1 ---
  w1_002: 0.475ms (from timing CSV)
  w3_001: 0.288ms (from timing CSV)
  w5a_029: 0.436ms (from timing CSV)

--- Phase 2: Calculate n_reps ---
  w1_002: 0.475ms x 1000 reps = 1.0s (gpu)
  w3_001: 0.288ms x 1000 reps = 1.0s (gpu)
  w5a_029: 0.436ms x 1000 reps = 1.0s (gpu)

--- Phase 3: Metrics run with nvidia-smi sampling ---
  w1_002 (1000 reps, -s gpu)... 3.000ms, 4.6s, GPU:62W CPU:0W, 100%util, 40768MB, GPU_E:0.1870J CPU_E:0.0000J [OK]
  w3_001 (1000 reps, -s gpu)... 25.000ms, 4.4s, GPU:64W CPU:0W, 100%util, 40772MB, GPU_E:1.6013J CPU_E:0.0000J [OK]
  w5a_029 (1000 reps, -s gpu)... 31.000ms, 4.6s, GPU:64W CPU:0W, 100%util, 40770MB, GPU_E:1.9975J CPU_E:0.0000J [OK]

  Samples: /workspace/gpu_db/results/maximus_microbench_tpch_sf1_metrics_samples_20260316_084050.csv (158 samples)
  Summary: /workspace/gpu_db/results/maximus_microbench_tpch_sf1_metrics_summary_20260316_084050.csv (3 queries)

======================================================================
  METRICS: MICROBENCH_TPCH SF=5
  Target: 10.0s sustained execution per query
  Started: 2026-03-16 08:41:04.111627
======================================================================

--- Phase 1: Using pre-computed timing from A1/B1 ---
  w1_002: 2.803ms (from timing CSV)
  w3_001: 0.703ms (from timing CSV)
  w5a_029: 7.255ms (from timing CSV)

--- Phase 2: Calculate n_reps ---
  w1_002: 2.803ms x 1000 reps = 2.8s (gpu)
  w3_001: 0.703ms x 1000 reps = 1.0s (gpu)
  w5a_029: 7.255ms x 1000 reps = 7.3s (gpu)

--- Phase 3: Metrics run with nvidia-smi sampling ---
  w1_002 (1000 reps, -s gpu)... 6.000ms, 10.5s, GPU:127W CPU:0W, 100%util, 40768MB, GPU_E:0.7625J CPU_E:0.0000J [OK]
  w3_001 (1000 reps, -s gpu)... 16.000ms, 6.1s, GPU:120W CPU:0W, 100%util, 40772MB, GPU_E:1.9218J CPU_E:0.0000J [OK]
  w5a_029 (1000 reps, -s gpu)... 36.000ms, 15.3s, GPU:179W CPU:0W, 100%util, 40770MB, GPU_E:6.4474J CPU_E:0.0000J [OK]

  Samples: /workspace/gpu_db/results/maximus_microbench_tpch_sf5_metrics_samples_20260316_084104.csv (406 samples)
  Summary: /workspace/gpu_db/results/maximus_microbench_tpch_sf5_metrics_summary_20260316_084104.csv (3 queries)

======================================================================
  METRICS: MICROBENCH_TPCH SF=10
  Target: 10.0s sustained execution per query
  Started: 2026-03-16 08:41:36.053537
======================================================================

--- Phase 1: Using pre-computed timing from A1/B1 ---
  w1_002: 5.104ms (from timing CSV)
  w3_001: 1.09ms (from timing CSV)
  w5a_029: 14.898ms (from timing CSV)

--- Phase 2: Calculate n_reps ---
  w1_002: 5.104ms x 1000 reps = 5.1s (gpu)
  w3_001: 1.09ms x 1000 reps = 1.1s (gpu)
  w5a_029: 14.898ms x 672 reps = 10.0s (gpu)

--- Phase 3: Metrics run with nvidia-smi sampling ---
  w1_002 (1000 reps, -s gpu)... 8.000ms, 16.4s, GPU:134W CPU:0W, 100%util, 40768MB, GPU_E:1.0710J CPU_E:0.0000J [OK]
  w3_001 (1000 reps, -s gpu)... 20.000ms, 7.7s, GPU:130W CPU:0W, 100%util, 40772MB, GPU_E:2.6041J CPU_E:0.0000J [OK]
  w5a_029 (672 reps, -s gpu)... 41.000ms, 19.8s, GPU:188W CPU:0W, 100%util, 40770MB, GPU_E:7.7039J CPU_E:0.0000J [OK]

  Samples: /workspace/gpu_db/results/maximus_microbench_tpch_sf10_metrics_samples_20260316_084136.csv (567 samples)
  Summary: /workspace/gpu_db/results/maximus_microbench_tpch_sf10_metrics_summary_20260316_084136.csv (3 queries)

======================================================================
  METRICS: MICROBENCH_TPCH SF=20
  Target: 10.0s sustained execution per query
  Started: 2026-03-16 08:42:19.894441
======================================================================

--- Phase 1: Using pre-computed timing from A1/B1 ---
  w1_002: 9.754ms (from timing CSV)
  w3_001: 1.861ms (from timing CSV)
  w5a_029: 31.543ms (from timing CSV)

--- Phase 2: Calculate n_reps ---
  w1_002: 9.754ms x 1000 reps = 9.8s (gpu)
  w3_001: 1.861ms x 1000 reps = 1.9s (gpu)
  w5a_029: 31.543ms x 318 reps = 10.0s (gpu)

--- Phase 3: Metrics run with nvidia-smi sampling ---
  w1_002 (1000 reps, -s gpu)... 
  ⚠ MEMORY LEAK DETECTED for w1_002: +6603MB (43606→50209MB)
13.000ms, 28.0s, GPU:137W CPU:0W, 100%util, 56890MB, GPU_E:1.7852J CPU_E:0.0000J [OK]
  w3_001 (1000 reps, -s gpu)... 22.000ms, 11.1s, GPU:116W CPU:0W, 100%util, 56894MB, GPU_E:2.5602J CPU_E:0.0000J [OK]
  w5a_029 (318 reps, -s gpu)... 
  ⚠ MEMORY LEAK DETECTED for w5a_029: +8202MB (39454→47655MB)
62.000ms, 21.4s, GPU:171W CPU:0W, 100%util, 56892MB, GPU_E:10.5944J CPU_E:0.0000J [OK]

  Samples: /workspace/gpu_db/results/maximus_microbench_tpch_sf20_metrics_samples_20260316_084219.csv (794 samples)
  Summary: /workspace/gpu_db/results/maximus_microbench_tpch_sf20_metrics_summary_20260316_084219.csv (3 queries)

======================================================================
  METRICS: MICROBENCH_H2O SF=1gb
  Target: 10.0s sustained execution per query
  Started: 2026-03-16 08:43:20.381910
======================================================================

--- Phase 1: Using pre-computed timing from A1/B1 ---
  w1_001: 0.448ms (from timing CSV)
  w3_016: 14.305ms (from timing CSV)
  w6_022: 36.442ms (from timing CSV)

--- Phase 2: Calculate n_reps ---
  w1_001: 0.448ms x 1000 reps = 1.0s (gpu)
  w3_016: 14.305ms x 700 reps = 10.0s (gpu)
  w6_022: 36.442ms x 275 reps = 10.0s (gpu)

--- Phase 3: Metrics run with nvidia-smi sampling ---
  w1_001 (1000 reps, -s gpu)... 5.000ms, 11.1s, GPU:152W CPU:0W, 100%util, 40766MB, GPU_E:0.7575J CPU_E:0.0000J [OK]
  w3_016 (700 reps, -s gpu)... 36.000ms, 18.4s, GPU:142W CPU:0W, 100%util, 40770MB, GPU_E:5.0981J CPU_E:0.0000J [OK]
  w6_022 (275 reps, -s gpu)... 48.000ms, 16.0s, GPU:239W CPU:0W, 100%util, 40766MB, GPU_E:11.4537J CPU_E:0.0000J [OK]

  Samples: /workspace/gpu_db/results/maximus_microbench_h2o_sf1gb_metrics_samples_20260316_084320.csv (588 samples)
  Summary: /workspace/gpu_db/results/maximus_microbench_h2o_sf1gb_metrics_summary_20260316_084320.csv (3 queries)

======================================================================
  METRICS: MICROBENCH_H2O SF=2gb
  Target: 10.0s sustained execution per query
  Started: 2026-03-16 08:44:05.875394
======================================================================

--- Phase 1: Using pre-computed timing from A1/B1 ---
  w1_001: 0.449ms (from timing CSV)
  w3_016: 28.227ms (from timing CSV)
  w6_022: 73.712ms (from timing CSV)

--- Phase 2: Calculate n_reps ---
  w1_001: 0.449ms x 1000 reps = 1.0s (gpu)
  w3_016: 28.227ms x 355 reps = 10.0s (gpu)
  w6_022: 73.712ms x 136 reps = 10.0s (gpu)

--- Phase 3: Metrics run with nvidia-smi sampling ---
  w1_001 (1000 reps, -s gpu)... 1.000ms, 17.4s, GPU:194W CPU:0W, 100%util, 40768MB, GPU_E:0.1941J CPU_E:0.0000J [OK]
  w3_016 (355 reps, -s gpu)... 51.000ms, 18.8s, GPU:147W CPU:0W, 100%util, 40770MB, GPU_E:7.4946J CPU_E:0.0000J [OK]
  w6_022 (136 reps, -s gpu)... 85.000ms, 16.3s, GPU:235W CPU:0W, 100%util, 40766MB, GPU_E:19.9529J CPU_E:0.0000J [OK]

  Samples: /workspace/gpu_db/results/maximus_microbench_h2o_sf2gb_metrics_samples_20260316_084405.csv (677 samples)
  Summary: /workspace/gpu_db/results/maximus_microbench_h2o_sf2gb_metrics_summary_20260316_084405.csv (3 queries)

======================================================================
  METRICS: MICROBENCH_H2O SF=3gb
  Target: 10.0s sustained execution per query
  Started: 2026-03-16 08:44:58.337486
======================================================================

--- Phase 1: Using pre-computed timing from A1/B1 ---
  w1_001: 0.457ms (from timing CSV)
  w3_016: 42.099ms (from timing CSV)
  w6_022: 109.676ms (from timing CSV)

--- Phase 2: Calculate n_reps ---
  w1_001: 0.457ms x 1000 reps = 1.0s (gpu)
  w3_016: 42.099ms x 238 reps = 10.0s (gpu)
  w6_022: 109.676ms x 92 reps = 10.1s (gpu)

--- Phase 3: Metrics run with nvidia-smi sampling ---
  w1_001 (1000 reps, -s gpu)... 1.000ms, 23.6s, GPU:200W CPU:0W, 100%util, 40766MB, GPU_E:0.2003J CPU_E:0.0000J [OK]
  w3_016 (238 reps, -s gpu)... 58.000ms, 19.2s, GPU:146W CPU:0W, 100%util, 40770MB, GPU_E:8.4802J CPU_E:0.0000J [OK]
  w6_022 (92 reps, -s gpu)... 121.000ms, 16.9s, GPU:231W CPU:0W, 100%util, 40766MB, GPU_E:28.0040J CPU_E:0.0000J [OK]

  Samples: /workspace/gpu_db/results/maximus_microbench_h2o_sf3gb_metrics_samples_20260316_084458.csv (778 samples)
  Summary: /workspace/gpu_db/results/maximus_microbench_h2o_sf3gb_metrics_summary_20260316_084458.csv (3 queries)

======================================================================
  METRICS: MICROBENCH_H2O SF=4gb
  Target: 10.0s sustained execution per query
  Started: 2026-03-16 08:45:58.070166
======================================================================

--- Phase 1: Using pre-computed timing from A1/B1 ---
  w1_001: 0.465ms (from timing CSV)
  w3_016: 55.979ms (from timing CSV)
  w6_022: 147.143ms (from timing CSV)

--- Phase 2: Calculate n_reps ---
  w1_001: 0.465ms x 1000 reps = 1.0s (gpu)
  w3_016: 55.979ms x 179 reps = 10.0s (gpu)
  w6_022: 147.143ms x 68 reps = 10.0s (gpu)

--- Phase 3: Metrics run with nvidia-smi sampling ---
  w1_001 (1000 reps, -s gpu)... 3.000ms, 30.1s, GPU:204W CPU:0W, 100%util, 40768MB, GPU_E:0.6115J CPU_E:0.0000J [OK]
  w3_016 (179 reps, -s gpu)... 73.000ms, 19.6s, GPU:149W CPU:0W, 100%util, 40770MB, GPU_E:10.8545J CPU_E:0.0000J [OK]
  w6_022 (68 reps, -s gpu)... 159.000ms, 17.1s, GPU:229W CPU:0W, 100%util, 40766MB, GPU_E:36.3522J CPU_E:0.0000J [OK]

  Samples: /workspace/gpu_db/results/maximus_microbench_h2o_sf4gb_metrics_samples_20260316_084558.csv (871 samples)
  Summary: /workspace/gpu_db/results/maximus_microbench_h2o_sf4gb_metrics_summary_20260316_084558.csv (3 queries)

======================================================================
  METRICS: MICROBENCH_CLICKBENCH SF=1
  Target: 10.0s sustained execution per query
  Started: 2026-03-16 08:47:04.925237
======================================================================

--- Phase 1: Using pre-computed timing from A1/B1 ---
  w1_001: 0.447ms (from timing CSV)
  w3_011: 0.29ms (from timing CSV)
  w6_016: 0.345ms (from timing CSV)

--- Phase 2: Calculate n_reps ---
  w1_001: 0.447ms x 1000 reps = 1.0s (gpu)
  w3_011: 0.29ms x 1000 reps = 1.0s (gpu)
  w6_016: 0.345ms x 1000 reps = 1.0s (gpu)

--- Phase 3: Metrics run with nvidia-smi sampling ---
  w1_001 (1000 reps, -s gpu)... 5.000ms, 8.5s, GPU:125W CPU:0W, 100%util, 40768MB, GPU_E:0.6248J CPU_E:0.0000J [OK]
  w3_011 (1000 reps, -s gpu)... 21.000ms, 8.2s, GPU:133W CPU:0W, 100%util, 40770MB, GPU_E:2.7852J CPU_E:0.0000J [OK]
  w6_016 (1000 reps, -s gpu)... 14.000ms, 8.2s, GPU:134W CPU:0W, 100%util, 40766MB, GPU_E:1.8754J CPU_E:0.0000J [OK]

  Samples: /workspace/gpu_db/results/maximus_microbench_clickbench_sf1_metrics_samples_20260316_084704.csv (308 samples)
  Summary: /workspace/gpu_db/results/maximus_microbench_clickbench_sf1_metrics_summary_20260316_084704.csv (3 queries)

======================================================================
  METRICS: MICROBENCH_CLICKBENCH SF=5
  Target: 10.0s sustained execution per query
  Started: 2026-03-16 08:47:29.805599
======================================================================

--- Phase 1: Using pre-computed timing from A1/B1 ---
  w1_001: 0.451ms (from timing CSV)
  w3_011: 0.831ms (from timing CSV)
  w6_016: 1.092ms (from timing CSV)

--- Phase 2: Calculate n_reps ---
  w1_001: 0.451ms x 1000 reps = 1.0s (gpu)
  w3_011: 0.831ms x 1000 reps = 1.0s (gpu)
  w6_016: 1.092ms x 1000 reps = 1.1s (gpu)

--- Phase 3: Metrics run with nvidia-smi sampling ---
  w1_001 (1000 reps, -s gpu)... 1.000ms, 17.3s, GPU:182W CPU:0W, 100%util, 40766MB, GPU_E:0.1825J CPU_E:0.0000J [OK]
  w3_011 (1000 reps, -s gpu)... 20.000ms, 16.9s, GPU:184W CPU:0W, 100%util, 40770MB, GPU_E:3.6835J CPU_E:0.0000J [OK]
  w6_016 (1000 reps, -s gpu)... 15.000ms, 17.2s, GPU:193W CPU:0W, 100%util, 40766MB, GPU_E:2.8985J CPU_E:0.0000J [OK]

  Samples: /workspace/gpu_db/results/maximus_microbench_clickbench_sf5_metrics_samples_20260316_084729.csv (666 samples)
  Summary: /workspace/gpu_db/results/maximus_microbench_clickbench_sf5_metrics_summary_20260316_084729.csv (3 queries)

======================================================================
  METRICS: MICROBENCH_CLICKBENCH SF=10
  Target: 10.0s sustained execution per query
  Started: 2026-03-16 08:48:21.274356
======================================================================

--- Phase 1: Using pre-computed timing from A1/B1 ---
  w1_001: 0.456ms (from timing CSV)
  w3_011: 1.475ms (from timing CSV)
  w6_016: 2.052ms (from timing CSV)

--- Phase 2: Calculate n_reps ---
  w1_001: 0.456ms x 1000 reps = 1.0s (gpu)
  w3_011: 1.475ms x 1000 reps = 1.5s (gpu)
  w6_016: 2.052ms x 1000 reps = 2.1s (gpu)

--- Phase 3: Metrics run with nvidia-smi sampling ---
  w1_001 (1000 reps, -s gpu)... 1.000ms, 27.0s, GPU:192W CPU:0W, 100%util, 40768MB, GPU_E:0.1922J CPU_E:0.0000J [OK]
  w3_011 (1000 reps, -s gpu)... 14.000ms, 27.7s, GPU:194W CPU:0W, 100%util, 40770MB, GPU_E:2.7224J CPU_E:0.0000J [OK]
  w6_016 (1000 reps, -s gpu)... 14.000ms, 28.3s, GPU:201W CPU:0W, 100%util, 40766MB, GPU_E:2.8201J CPU_E:0.0000J [OK]

  Samples: /workspace/gpu_db/results/maximus_microbench_clickbench_sf10_metrics_samples_20260316_084821.csv (1092 samples)
  Summary: /workspace/gpu_db/results/maximus_microbench_clickbench_sf10_metrics_summary_20260316_084821.csv (3 queries)

======================================================================
  METRICS: MICROBENCH_CLICKBENCH SF=20
  Target: 10.0s sustained execution per query
  Started: 2026-03-16 08:49:44.197769
======================================================================

--- Phase 1: Using pre-computed timing from A1/B1 ---
  w1_001: 0.513ms (from timing CSV)
  w3_011: 2.75ms (from timing CSV)
  w6_016: 3.923ms (from timing CSV)

--- Phase 2: Calculate n_reps ---
  w1_001: 0.513ms x 1000 reps = 1.0s (gpu)
  w3_011: 2.75ms x 1000 reps = 2.8s (gpu)
  w6_016: 3.923ms x 1000 reps = 3.9s (gpu)

--- Phase 3: Metrics run with nvidia-smi sampling ---
  w1_001 (1000 reps, -s gpu)... 
  ⚠ MEMORY LEAK DETECTED for w1_001: +3448MB (49191→52639MB)
1.000ms, 45.6s, GPU:203W CPU:0W, 100%util, 56890MB, GPU_E:0.2028J CPU_E:0.0000J [OK]
  w3_011 (1000 reps, -s gpu)... 
  ⚠ MEMORY LEAK DETECTED for w3_011: +3123MB (49481→52603MB)
22.000ms, 47.6s, GPU:191W CPU:0W, 100%util, 56892MB, GPU_E:4.1928J CPU_E:0.0000J [OK]
  w6_016 (1000 reps, -s gpu)... 
  ⚠ MEMORY LEAK DETECTED for w6_016: +2962MB (49717→52679MB)
13.000ms, 48.7s, GPU:199W CPU:0W, 100%util, 56888MB, GPU_E:2.5876J CPU_E:0.0000J [OK]

  Samples: /workspace/gpu_db/results/maximus_microbench_clickbench_sf20_metrics_samples_20260316_084944.csv (1879 samples)
  Summary: /workspace/gpu_db/results/maximus_microbench_clickbench_sf20_metrics_summary_20260316_084944.csv (3 queries)

======================================================================
  ALL DONE — 2026-03-16 08:52:06.092512
======================================================================
