======================================================================
  MAXIMUS DATA-ON-CPU BENCHMARK (-s cpu)
  Started: 2026-03-16 09:38:12.259075
======================================================================

======================================================================
  TPCH SF=1 (3 queries, -s cpu)
======================================================================

--- Timing (3 reps, -s cpu) ---
  q1: min=1.269ms avg=13.4ms [OK]
  q3: min=1.061ms avg=4.8ms [OK]
  q6: min=0.445ms avg=1.2ms [OK]
  --- 3/3 OK

======================================================================
  TPCH SF=5 (3 queries, -s cpu)
======================================================================

--- Timing (3 reps, -s cpu) ---
  q1: min=126.757ms avg=137.0ms [OK]
  q3: min=59.284ms avg=85.6ms [OK]
  q6: min=45.37ms avg=46.4ms [OK]
  --- 3/3 OK

======================================================================
  TPCH SF=10 (3 queries, -s cpu)
======================================================================

--- Timing (3 reps, -s cpu) ---
  q1: min=248.056ms avg=322.8ms [OK]
  q3: min=116.535ms avg=138.8ms [OK]
  q6: min=89.405ms avg=90.3ms [OK]
  --- 3/3 OK

======================================================================
  TPCH SF=20 (3 queries, -s cpu)
======================================================================

--- Timing (3 reps, -s cpu) ---
  q1: min=503.508ms avg=610.7ms [OK]
  q3: min=250.944ms avg=282.8ms [OK]
  q6: min=174.936ms avg=183.9ms [OK]
  --- 3/3 OK

======================================================================
  H2O SF=1gb (3 queries, -s cpu)
======================================================================

--- Timing (3 reps, -s cpu) ---
  q1: min=55.61ms avg=69.6ms [OK]
  q3: min=289.503ms avg=326.1ms [OK]
  q5: min=72.821ms avg=78.1ms [OK]
  --- 3/3 OK

======================================================================
  H2O SF=2gb (3 queries, -s cpu)
======================================================================

--- Timing (3 reps, -s cpu) ---
  q1: min=125.505ms avg=146.6ms [OK]
  q3: min=424.121ms avg=545.6ms [OK]
  q5: min=154.993ms avg=163.5ms [OK]
  --- 3/3 OK

======================================================================
  H2O SF=3gb (3 queries, -s cpu)
======================================================================

--- Timing (3 reps, -s cpu) ---
  q1: min=172.006ms avg=200.2ms [OK]
  q3: min=599.753ms avg=987.3ms [OK]
  q5: min=226.771ms avg=257.1ms [OK]
  --- 3/3 OK

======================================================================
  H2O SF=4gb (3 queries, -s cpu)
======================================================================

--- Timing (3 reps, -s cpu) ---
  q1: min=269.976ms avg=283.2ms [OK]
  q3: min=675.517ms avg=755.6ms [OK]
  q5: min=287.337ms avg=304.6ms [OK]
  --- 3/3 OK

======================================================================
  CLICKBENCH SF=1 (3 queries, -s cpu)
======================================================================

--- Timing (3 reps, -s cpu) ---
  Batch incomplete (0/3), retrying...
  q1: NO DATA [FAIL]
  q6: NO DATA [FAIL]
  q20: NO DATA [FAIL]
  --- 0/3 OK

======================================================================
  CLICKBENCH SF=5 (3 queries, -s cpu)
======================================================================

--- Timing (3 reps, -s cpu) ---
  Batch incomplete (0/3), retrying...
  q1: NO DATA [FAIL]
  q6: NO DATA [FAIL]
  q20: NO DATA [FAIL]
  --- 0/3 OK

======================================================================
  CLICKBENCH SF=10 (3 queries, -s cpu)
======================================================================

--- Timing (3 reps, -s cpu) ---
  Batch incomplete (0/3), retrying...
  q1: NO DATA [FAIL]
  q6: NO DATA [FAIL]
  q20: NO DATA [FAIL]
  --- 0/3 OK

======================================================================
  CLICKBENCH SF=20 (3 queries, -s cpu)
======================================================================

--- Timing (3 reps, -s cpu) ---
  Batch incomplete (0/3), retrying...
  q1: NO DATA [FAIL]
  q6: NO DATA [FAIL]
  q20: NO DATA [FAIL]
  --- 0/3 OK

======================================================================
  MICROBENCH_TPCH SF=1 (3 queries, -s cpu)
======================================================================

--- Timing (3 reps, -s cpu) ---
  w1_002: min=0.503ms avg=1.7ms [OK]
  w3_001: min=0.308ms avg=10.1ms [OK]
  w5a_029: min=0.475ms avg=3.8ms [OK]
  --- 3/3 OK

======================================================================
  MICROBENCH_TPCH SF=5 (3 queries, -s cpu)
======================================================================

--- Timing (3 reps, -s cpu) ---
  w1_002: min=6.147ms avg=7.4ms [OK]
  w3_001: min=1.688ms avg=12.5ms [OK]
  w5a_029: min=14.316ms avg=14.7ms [OK]
  --- 3/3 OK

======================================================================
  MICROBENCH_TPCH SF=10 (3 queries, -s cpu)
======================================================================

--- Timing (3 reps, -s cpu) ---
  w1_002: min=15.619ms avg=17.0ms [OK]
  w3_001: min=2.93ms avg=11.1ms [OK]
  w5a_029: min=39.871ms avg=75.3ms [OK]
  --- 3/3 OK

======================================================================
  MICROBENCH_TPCH SF=20 (3 queries, -s cpu)
======================================================================

--- Timing (3 reps, -s cpu) ---
  w1_002: min=30.247ms avg=34.6ms [OK]
  w3_001: min=5.312ms avg=12.5ms [OK]
  w5a_029: min=91.12ms avg=94.1ms [OK]
  --- 3/3 OK

======================================================================
  MICROBENCH_H2O SF=1gb (3 queries, -s cpu)
======================================================================

--- Timing (3 reps, -s cpu) ---
  w1_001: min=12.888ms avg=17.2ms [OK]
  w3_016: min=55.914ms avg=77.0ms [OK]
  w6_022: min=90.038ms avg=93.3ms [OK]
  --- 3/3 OK

======================================================================
  MICROBENCH_H2O SF=2gb (3 queries, -s cpu)
======================================================================

--- Timing (3 reps, -s cpu) ---
  w1_001: min=24.739ms avg=29.8ms [OK]
  w3_016: min=115.115ms avg=173.8ms [OK]
  w6_022: min=186.787ms avg=231.8ms [OK]
  --- 3/3 OK

======================================================================
  MICROBENCH_H2O SF=3gb (3 queries, -s cpu)
======================================================================

--- Timing (3 reps, -s cpu) ---
  w1_001: min=38.578ms avg=43.5ms [OK]
  w3_016: min=166.613ms avg=190.6ms [OK]
  w6_022: min=277.413ms avg=348.1ms [OK]
  --- 3/3 OK

======================================================================
  MICROBENCH_H2O SF=4gb (3 queries, -s cpu)
======================================================================

--- Timing (3 reps, -s cpu) ---
  w1_001: min=55.647ms avg=67.9ms [OK]
  w3_016: min=247.132ms avg=256.6ms [OK]
  w6_022: min=391.754ms avg=430.0ms [OK]
  --- 3/3 OK

======================================================================
  MICROBENCH_CLICKBENCH SF=1 (3 queries, -s cpu)
======================================================================

--- Timing (3 reps, -s cpu) ---
  Batch incomplete (0/3), retrying...
  w1_001: NO DATA [FAIL]
  w3_011: NO DATA [FAIL]
  w6_016: NO DATA [FAIL]
  --- 0/3 OK

======================================================================
  MICROBENCH_CLICKBENCH SF=5 (3 queries, -s cpu)
======================================================================

--- Timing (3 reps, -s cpu) ---
  Batch incomplete (0/3), retrying...
  w1_001: NO DATA [FAIL]
  w3_011: NO DATA [FAIL]
  w6_016: NO DATA [FAIL]
  --- 0/3 OK

======================================================================
  MICROBENCH_CLICKBENCH SF=10 (3 queries, -s cpu)
======================================================================

--- Timing (3 reps, -s cpu) ---
  Batch incomplete (0/3), retrying...
  w1_001: NO DATA [FAIL]
  w3_011: NO DATA [FAIL]
  w6_016: NO DATA [FAIL]
  --- 0/3 OK

======================================================================
  MICROBENCH_CLICKBENCH SF=20 (3 queries, -s cpu)
======================================================================

--- Timing (3 reps, -s cpu) ---
  Batch incomplete (0/3), retrying...
  w1_001: NO DATA [FAIL]
  w3_011: NO DATA [FAIL]
  w6_016: NO DATA [FAIL]
  --- 0/3 OK

======================================================================
  DONE (997s = 16.6min)
  Timing: /workspace/gpu_db/results/maximus_cpu_data_timing.csv
======================================================================
