======================================================================
  MAXIMUS GPU STEADY-STATE METRICS
  Target: 10.0s sustained execution per query
  Started: 2026-03-11 17:53:08.561092
======================================================================

======================================================================
  METRICS: TPCH SF=1
  Target: 10.0s sustained execution per query
  Started: 2026-03-11 17:53:08.561168
======================================================================

--- Phase 1: Calibration (3 reps, -s gpu) ---
  q1... 1ms
  q3... 0ms
  q6... 0ms

--- Phase 2: Calculate n_reps ---
  q1: 1ms x 10000 reps = 10.0s (gpu)
  q3: 0ms x 100 reps = 0.1s (gpu)
  q6: 0ms x 100 reps = 0.1s (gpu)

--- Phase 3: Metrics run with nvidia-smi sampling ---
  q1 (10000 reps, -s gpu)... 1.000ms, 21.0s, GPU:71W CPU:0W, 100%util, 40817MB, GPU_E:0.0712J CPU_E:0.0000J [OK]
  q3 (100 reps, -s gpu)... 43.363ms, 4.3s, GPU:67W CPU:0W, 100%util, 449MB, GPU_E:2.9198J CPU_E:0.0000J [OK]
  q6 (100 reps, -s gpu)... 46.221ms, 4.6s, GPU:66W CPU:0W, 100%util, 40813MB, GPU_E:3.0329J CPU_E:0.0000J [OK]

  Samples: /workspace/gpu_db/results/maximus_tpch_sf1_metrics_samples_20260311_175308.csv (279 samples)
  Summary: /workspace/gpu_db/results/maximus_tpch_sf1_metrics_summary_20260311_175308.csv (3 queries)

======================================================================
  METRICS: TPCH SF=5
  Target: 10.0s sustained execution per query
  Started: 2026-03-11 17:53:52.067776
======================================================================

--- Phase 1: Calibration (3 reps, -s gpu) ---
  q1... 1ms
  q3... 0ms
  q6... 0ms

--- Phase 2: Calculate n_reps ---
  q1: 1ms x 10000 reps = 10.0s (gpu)
  q3: 0ms x 100 reps = 0.1s (gpu)
  q6: 0ms x 100 reps = 0.1s (gpu)

--- Phase 3: Metrics run with nvidia-smi sampling ---
  q1 (10000 reps, -s gpu)... 1.000ms, 21.1s, GPU:71W CPU:0W, 100%util, 40817MB, GPU_E:0.0711J CPU_E:0.0000J [OK]
  q3 (100 reps, -s gpu)... 43.083ms, 4.3s, GPU:67W CPU:0W, 100%util, 449MB, GPU_E:2.8887J CPU_E:0.0000J [OK]
  q6 (100 reps, -s gpu)... 45.459ms, 4.5s, GPU:66W CPU:0W, 100%util, 435MB, GPU_E:3.0201J CPU_E:0.0000J [OK]

  Samples: /workspace/gpu_db/results/maximus_tpch_sf5_metrics_samples_20260311_175352.csv (276 samples)
  Summary: /workspace/gpu_db/results/maximus_tpch_sf5_metrics_summary_20260311_175352.csv (3 queries)

======================================================================
  METRICS: TPCH SF=10
  Target: 10.0s sustained execution per query
  Started: 2026-03-11 17:54:36.165897
======================================================================

--- Phase 1: Calibration (3 reps, -s gpu) ---
  q1... 1ms
  q3... 0ms
  q6... 0ms

--- Phase 2: Calculate n_reps ---
  q1: 1ms x 10000 reps = 10.0s (gpu)
  q3: 0ms x 100 reps = 0.1s (gpu)
  q6: 0ms x 100 reps = 0.1s (gpu)

--- Phase 3: Metrics run with nvidia-smi sampling ---
  q1 (10000 reps, -s gpu)... 1.000ms, 20.2s, GPU:71W CPU:0W, 100%util, 40817MB, GPU_E:0.0711J CPU_E:0.0000J [OK]
  q3 (100 reps, -s gpu)... 48.100ms, 4.8s, GPU:65W CPU:0W, 100%util, 40817MB, GPU_E:3.1421J CPU_E:0.0000J [OK]
  q6 (100 reps, -s gpu)... 45.876ms, 4.6s, GPU:67W CPU:0W, 100%util, 443MB, GPU_E:3.0900J CPU_E:0.0000J [OK]

  Samples: /workspace/gpu_db/results/maximus_tpch_sf10_metrics_samples_20260311_175436.csv (272 samples)
  Summary: /workspace/gpu_db/results/maximus_tpch_sf10_metrics_summary_20260311_175436.csv (3 queries)

======================================================================
  METRICS: TPCH SF=20
  Target: 10.0s sustained execution per query
  Started: 2026-03-11 17:55:20.021897
======================================================================

--- Phase 1: Calibration (3 reps, -s gpu) ---
  q1... 1ms
  q3... 1ms
  q6... 0ms

--- Phase 2: Calculate n_reps ---
  q1: 1ms x 10000 reps = 10.0s (gpu)
  q3: 1ms x 10000 reps = 10.0s (gpu)
  q6: 0ms x 100 reps = 0.1s (gpu)

--- Phase 3: Metrics run with nvidia-smi sampling ---
  q1 (10000 reps, -s gpu)... 1.000ms, 20.5s, GPU:71W CPU:0W, 100%util, 40817MB, GPU_E:0.0708J CPU_E:0.0000J [OK]
  q3 (10000 reps, -s gpu)... 2.100ms, 21.0s, GPU:69W CPU:0W, 100%util, 40817MB, GPU_E:0.1446J CPU_E:0.0000J [OK]
  q6 (100 reps, -s gpu)... 43.334ms, 4.3s, GPU:68W CPU:0W, 100%util, 435MB, GPU_E:2.9505J CPU_E:0.0000J [OK]

  Samples: /workspace/gpu_db/results/maximus_tpch_sf20_metrics_samples_20260311_175520.csv (436 samples)
  Summary: /workspace/gpu_db/results/maximus_tpch_sf20_metrics_summary_20260311_175520.csv (3 queries)
[SKIP] h2o SF=1gb: /workspace/gpu_db/tests/h2o/csv-1gb not found
[SKIP] h2o SF=2gb: /workspace/gpu_db/tests/h2o/csv-2gb not found
[SKIP] h2o SF=3gb: /workspace/gpu_db/tests/h2o/csv-3gb not found
[SKIP] h2o SF=4gb: /workspace/gpu_db/tests/h2o/csv-4gb not found
[SKIP] clickbench SF=1: /workspace/gpu_db/tests/clickbench/csv-1 not found
[SKIP] clickbench SF=5: /workspace/gpu_db/tests/clickbench/csv-5 not found
[SKIP] clickbench SF=10: /workspace/gpu_db/tests/clickbench/csv-10 not found
[SKIP] clickbench SF=20: /workspace/gpu_db/tests/clickbench/csv-20 not found

======================================================================
  METRICS: MICROBENCH_TPCH SF=1
  Target: 10.0s sustained execution per query
  Started: 2026-03-11 17:56:20.042754
======================================================================

--- Phase 1: Calibration (3 reps, -s gpu) ---
  w1_002... 0ms
  w3_001... 0ms
  w5a_029... 0ms

--- Phase 2: Calculate n_reps ---
  w1_002: 0ms x 100 reps = 0.1s (gpu)
  w3_001: 0ms x 100 reps = 0.1s (gpu)
  w5a_029: 0ms x 100 reps = 0.1s (gpu)

--- Phase 3: Metrics run with nvidia-smi sampling ---
  w1_002 (100 reps, -s gpu)... 44.831ms, 4.5s, GPU:66W CPU:0W, 100%util, 443MB, GPU_E:2.9561J CPU_E:0.0000J [OK]
  w3_001 (100 reps, -s gpu)... 47.713ms, 4.8s, GPU:66W CPU:0W, 100%util, 441MB, GPU_E:3.1330J CPU_E:0.0000J [OK]
  w5a_029 (100 reps, -s gpu)... 47.926ms, 4.8s, GPU:66W CPU:0W, 100%util, 447MB, GPU_E:3.1568J CPU_E:0.0000J [OK]

  Samples: /workspace/gpu_db/results/maximus_microbench_tpch_sf1_metrics_samples_20260311_175620.csv (109 samples)
  Summary: /workspace/gpu_db/results/maximus_microbench_tpch_sf1_metrics_summary_20260311_175620.csv (3 queries)

======================================================================
  METRICS: MICROBENCH_TPCH SF=5
  Target: 10.0s sustained execution per query
  Started: 2026-03-11 17:56:47.843041
======================================================================

--- Phase 1: Calibration (3 reps, -s gpu) ---
  w1_002... 0ms
  w3_001... 0ms
  w5a_029... 0ms

--- Phase 2: Calculate n_reps ---
  w1_002: 0ms x 100 reps = 0.1s (gpu)
  w3_001: 0ms x 100 reps = 0.1s (gpu)
  w5a_029: 0ms x 100 reps = 0.1s (gpu)

--- Phase 3: Metrics run with nvidia-smi sampling ---
  w1_002 (100 reps, -s gpu)... 44.059ms, 4.4s, GPU:67W CPU:0W, 100%util, 435MB, GPU_E:2.9394J CPU_E:0.0000J [OK]
  w3_001 (100 reps, -s gpu)... 45.552ms, 4.6s, GPU:65W CPU:0W, 100%util, 40811MB, GPU_E:2.9418J CPU_E:0.0000J [OK]
  w5a_029 (100 reps, -s gpu)... 46.695ms, 4.7s, GPU:65W CPU:0W, 100%util, 40815MB, GPU_E:3.0214J CPU_E:0.0000J [OK]

  Samples: /workspace/gpu_db/results/maximus_microbench_tpch_sf5_metrics_samples_20260311_175647.csv (116 samples)
  Summary: /workspace/gpu_db/results/maximus_microbench_tpch_sf5_metrics_summary_20260311_175647.csv (3 queries)

======================================================================
  METRICS: MICROBENCH_TPCH SF=10
  Target: 10.0s sustained execution per query
  Started: 2026-03-11 17:57:14.911741
======================================================================

--- Phase 1: Calibration (3 reps, -s gpu) ---
  w1_002... 0ms
  w3_001... 0ms
  w5a_029... 0ms

--- Phase 2: Calculate n_reps ---
  w1_002: 0ms x 100 reps = 0.1s (gpu)
  w3_001: 0ms x 100 reps = 0.1s (gpu)
  w5a_029: 0ms x 100 reps = 0.1s (gpu)

--- Phase 3: Metrics run with nvidia-smi sampling ---
  w1_002 (100 reps, -s gpu)... 44.987ms, 4.5s, GPU:67W CPU:0W, 100%util, 443MB, GPU_E:3.0317J CPU_E:0.0000J [OK]
  w3_001 (100 reps, -s gpu)... 47.471ms, 4.7s, GPU:67W CPU:0W, 100%util, 449MB, GPU_E:3.1847J CPU_E:0.0000J [OK]
  w5a_029 (100 reps, -s gpu)... 48.429ms, 4.8s, GPU:64W CPU:0W, 100%util, 40815MB, GPU_E:3.1216J CPU_E:0.0000J [OK]

  Samples: /workspace/gpu_db/results/maximus_microbench_tpch_sf10_metrics_samples_20260311_175714.csv (110 samples)
  Summary: /workspace/gpu_db/results/maximus_microbench_tpch_sf10_metrics_summary_20260311_175714.csv (3 queries)

======================================================================
  METRICS: MICROBENCH_TPCH SF=20
  Target: 10.0s sustained execution per query
  Started: 2026-03-11 17:57:42.660243
======================================================================

--- Phase 1: Calibration (3 reps, -s gpu) ---
  w1_002... 0ms
  w3_001... 0ms
  w5a_029... 0ms

--- Phase 2: Calculate n_reps ---
  w1_002: 0ms x 100 reps = 0.1s (gpu)
  w3_001: 0ms x 100 reps = 0.1s (gpu)
  w5a_029: 0ms x 100 reps = 0.1s (gpu)

--- Phase 3: Metrics run with nvidia-smi sampling ---
  w1_002 (100 reps, -s gpu)... 46.470ms, 4.6s, GPU:64W CPU:0W, 100%util, 40811MB, GPU_E:2.9949J CPU_E:0.0000J [OK]
  w3_001 (100 reps, -s gpu)... 46.201ms, 4.6s, GPU:67W CPU:0W, 100%util, 449MB, GPU_E:3.0886J CPU_E:0.0000J [OK]
  w5a_029 (100 reps, -s gpu)... 45.486ms, 4.5s, GPU:66W CPU:0W, 100%util, 439MB, GPU_E:3.0141J CPU_E:0.0000J [OK]

  Samples: /workspace/gpu_db/results/maximus_microbench_tpch_sf20_metrics_samples_20260311_175742.csv (112 samples)
  Summary: /workspace/gpu_db/results/maximus_microbench_tpch_sf20_metrics_summary_20260311_175742.csv (3 queries)
[SKIP] microbench_h2o SF=1gb: /workspace/gpu_db/tests/h2o/csv-1gb not found
[SKIP] microbench_h2o SF=2gb: /workspace/gpu_db/tests/h2o/csv-2gb not found
[SKIP] microbench_h2o SF=3gb: /workspace/gpu_db/tests/h2o/csv-3gb not found
[SKIP] microbench_h2o SF=4gb: /workspace/gpu_db/tests/h2o/csv-4gb not found
[SKIP] microbench_clickbench SF=1: /workspace/gpu_db/tests/clickbench/csv-1 not found
[SKIP] microbench_clickbench SF=5: /workspace/gpu_db/tests/clickbench/csv-5 not found
[SKIP] microbench_clickbench SF=10: /workspace/gpu_db/tests/clickbench/csv-10 not found
[SKIP] microbench_clickbench SF=20: /workspace/gpu_db/tests/clickbench/csv-20 not found

======================================================================
  ALL DONE — 2026-03-11 17:58:10.087522
======================================================================
