
============================================================
  TPCH SF=1 (3 queries, 3 reps)
============================================================
  q1: min=11.0ms avg=25.3ms [OK]
  q3: min=2.0ms avg=6.7ms [OK]
  q6: min=1.0ms avg=2.0ms [OK]
  --- 3/3 OK

============================================================
  TPCH SF=5 (3 queries, 3 reps)
============================================================
  q1: min=52.0ms avg=65.0ms [OK]
  q3: min=7.0ms avg=15.0ms [OK]
  q6: min=2.0ms avg=3.0ms [OK]
  --- 3/3 OK

============================================================
  TPCH SF=10 (3 queries, 3 reps)
============================================================
  q1: min=103.0ms avg=114.7ms [OK]
  q3: min=13.0ms avg=23.3ms [OK]
  q6: min=5.0ms avg=6.0ms [OK]
  --- 3/3 OK

============================================================
  TPCH SF=20 (3 queries, 3 reps)
============================================================
  Full batch incomplete (0/3), retrying...
  q1: NO DATA [FAIL]
  q3: NO DATA [FAIL]
  q6: NO DATA [FAIL]
  --- 0/3 OK

============================================================
  H2O SF=1gb (3 queries, 3 reps)
============================================================
  q1: min=14.0ms avg=24.0ms [OK]
  q3: min=113.0ms avg=117.3ms [OK]
  q5: min=9.0ms avg=10.0ms [OK]
  --- 3/3 OK

============================================================
  H2O SF=2gb (3 queries, 3 reps)
============================================================
  q1: min=28.0ms avg=38.0ms [OK]
  q3: min=141.0ms avg=144.3ms [OK]
  q5: min=18.0ms avg=19.0ms [OK]
  --- 3/3 OK

============================================================
  H2O SF=3gb (3 queries, 3 reps)
============================================================
  q1: min=41.0ms avg=51.3ms [OK]
  q3: min=178.0ms avg=184.0ms [OK]
  q5: min=28.0ms avg=28.7ms [OK]
  --- 3/3 OK

============================================================
  H2O SF=4gb (3 queries, 3 reps)
============================================================
  q1: min=55.0ms avg=68.0ms [OK]
  q3: min=204.0ms avg=209.7ms [OK]
  q5: min=36.0ms avg=37.3ms [OK]
  --- 3/3 OK

============================================================
  CLICKBENCH SF=1 (3 queries, 3 reps)
============================================================
  q1: min=0.0ms avg=3.3ms [OK]
  q6: min=0.0ms avg=2.3ms [OK]
  q20: min=18.0ms avg=18.3ms [OK]
  --- 3/3 OK

============================================================
  CLICKBENCH SF=5 (3 queries, 3 reps)
============================================================
  q1: min=0.0ms avg=3.3ms [OK]
  q6: min=3.0ms avg=5.3ms [OK]
  q20: min=61.0ms avg=61.7ms [OK]
  --- 3/3 OK

============================================================
  CLICKBENCH SF=10 (3 queries, 3 reps)
============================================================
  q1: min=0.0ms avg=3.3ms [OK]
  q6: min=6.0ms avg=8.0ms [OK]
  q20: min=107.0ms avg=107.3ms [OK]
  --- 3/3 OK

============================================================
  CLICKBENCH SF=20 (3 queries, 3 reps)
============================================================
  q1: min=0.0ms avg=3.7ms [OK]
  q6: min=13.0ms avg=14.7ms [OK]
  q20: min=185.0ms avg=185.3ms [OK]
  --- 3/3 OK

============================================================
  MICROBENCH_TPCH SF=1 (3 queries, 3 reps)
============================================================
  w1_002: min=0.0ms avg=2.0ms [OK]
  w3_001: min=0.0ms avg=10.0ms [OK]
  w5a_029: min=1.0ms avg=5.0ms [OK]
  --- 3/3 OK

============================================================
  MICROBENCH_TPCH SF=5 (3 queries, 3 reps)
============================================================
  w1_002: min=2.0ms avg=3.7ms [OK]
  w3_001: min=0.0ms avg=10.3ms [OK]
  w5a_029: min=7.0ms avg=10.3ms [OK]
  --- 3/3 OK

============================================================
  MICROBENCH_TPCH SF=10 (3 queries, 3 reps)
============================================================
  w1_002: min=5.0ms avg=6.3ms [OK]
  w3_001: min=1.0ms avg=9.3ms [OK]
  w5a_029: min=14.0ms avg=18.7ms [OK]
  --- 3/3 OK

============================================================
  MICROBENCH_TPCH SF=20 (3 queries, 3 reps)
============================================================
  w1_002: min=9.0ms avg=10.7ms [OK]
  w3_001: min=1.0ms avg=11.3ms [OK]
  w5a_029: min=31.0ms avg=34.7ms [OK]
  --- 3/3 OK

============================================================
  MICROBENCH_H2O SF=1gb (3 queries, 3 reps)
============================================================
  w1_001: min=0.0ms avg=0.7ms [OK]
  w3_016: min=14.0ms avg=21.7ms [OK]
  w6_022: min=35.0ms avg=37.3ms [OK]
  --- 3/3 OK

============================================================
  MICROBENCH_H2O SF=2gb (3 queries, 3 reps)
============================================================
  w1_001: min=0.0ms avg=0.7ms [OK]
  w3_016: min=28.0ms avg=36.3ms [OK]
  w6_022: min=70.0ms avg=73.3ms [OK]
  --- 3/3 OK

============================================================
  MICROBENCH_H2O SF=3gb (3 queries, 3 reps)
============================================================
  w1_001: min=0.0ms avg=0.7ms [OK]
  w3_016: min=41.0ms avg=49.3ms [OK]
  w6_022: min=106.0ms avg=109.0ms [OK]
  --- 3/3 OK

============================================================
  MICROBENCH_H2O SF=4gb (3 queries, 3 reps)
============================================================
  w1_001: min=0.0ms avg=0.7ms [OK]
  w3_016: min=55.0ms avg=65.0ms [OK]
  w6_022: min=141.0ms avg=144.3ms [OK]
  --- 3/3 OK

============================================================
  MICROBENCH_CLICKBENCH SF=1 (3 queries, 3 reps)
============================================================
  w1_001: min=0.0ms avg=0.7ms [OK]
  w3_011: min=0.0ms avg=8.7ms [OK]
  w6_016: min=0.0ms avg=2.7ms [OK]
  --- 3/3 OK

============================================================
  MICROBENCH_CLICKBENCH SF=5 (3 queries, 3 reps)
============================================================
  w1_001: min=0.0ms avg=1.0ms [OK]
  w3_011: min=0.0ms avg=9.3ms [OK]
  w6_016: min=1.0ms avg=4.0ms [OK]
  --- 3/3 OK

============================================================
  MICROBENCH_CLICKBENCH SF=10 (3 queries, 3 reps)
============================================================
  w1_001: min=0.0ms avg=0.7ms [OK]
  w3_011: min=1.0ms avg=8.3ms [OK]
  w6_016: min=1.0ms avg=4.0ms [OK]
  --- 3/3 OK

============================================================
  MICROBENCH_CLICKBENCH SF=20 (3 queries, 3 reps)
============================================================
  w1_001: min=0.0ms avg=0.7ms [OK]
  w3_011: min=2.0ms avg=11.0ms [OK]
  w6_016: min=3.0ms avg=9.0ms [OK]
  --- 3/3 OK

============================================================
  DONE (182s = 3.0min)
  Results: /workspace/gpu_db/results/maximus_benchmark.csv
============================================================
  TPCH: 9/12 OK
    SF=1: 3/3 OK
    SF=5: 3/3 OK
    SF=10: 3/3 OK
    SF=20: 0/3 OK  FAIL: q1, q3, q6
  H2O: 12/12 OK
    SF=1gb: 3/3 OK
    SF=2gb: 3/3 OK
    SF=3gb: 3/3 OK
    SF=4gb: 3/3 OK
  CLICKBENCH: 12/12 OK
    SF=1: 3/3 OK
    SF=5: 3/3 OK
    SF=10: 3/3 OK
    SF=20: 3/3 OK
  MICROBENCH_TPCH: 12/12 OK
    SF=1: 3/3 OK
    SF=5: 3/3 OK
    SF=10: 3/3 OK
    SF=20: 3/3 OK
  MICROBENCH_H2O: 12/12 OK
    SF=1gb: 3/3 OK
    SF=2gb: 3/3 OK
    SF=3gb: 3/3 OK
    SF=4gb: 3/3 OK
  MICROBENCH_CLICKBENCH: 12/12 OK
    SF=1: 3/3 OK
    SF=5: 3/3 OK
    SF=10: 3/3 OK
    SF=20: 3/3 OK
