
============================================================
  TPCH SF=1 (3 queries)
============================================================
  Pass 1/3...
  Pass 2/3...
  Pass 3/3...
  q1: 0.342s [OK]  (passes: [0.571, 0.337, 0.342])
  q3: 0.083s [OK]  (passes: [0.176, 0.088, 0.083])
  q6: 0.014s [OK]  (passes: [0.024, 0.015, 0.014])
  --- 3/3 OK

============================================================
  TPCH SF=5 (3 queries)
============================================================
  Pass 1/3...
  Pass 2/3...
  Pass 3/3...
  q1: 1.083s [OK]  (passes: [1.793, 1.083, 1.083])
  q3: 0.357s [OK]  (passes: [0.635, 0.335, 0.357])
  q6: 0.013s [OK]  (passes: [0.04, 0.013, 0.013])
  --- 3/3 OK

============================================================
  TPCH SF=10 (3 queries)
============================================================
  Pass 1/3...
  Pass 2/3...
  Pass 3/3...
  q1: 2.170s [OK]  (passes: [2.146, 2.204, 2.17])
  q3: 0.642s [OK]  (passes: [0.718, 0.648, 0.642])
  q6: 0.014s [OK]  (passes: [0.014, 0.012, 0.014])
  --- 3/3 OK

============================================================
  TPCH SF=20 (3 queries)
============================================================
  Pass 1/3...
  Pass 2/3...
  Pass 3/3...
  q1: 4.056s [OK]  (passes: [4.233, 4.265, 4.056])
  q3: 1.386s [OK]  (passes: [1.651, 1.436, 1.386])
  q6: 0.018s [OK]  (passes: [0.017, 0.026, 0.018])
  --- 3/3 OK

============================================================
  H2O SF=1gb (3 queries)
============================================================
  Pass 1/3...
  Pass 2/3...
  Pass 3/3...
  q1: 0.533s [OK]  (passes: [0.56, 0.547, 0.533])
  q3: 1.573s [OK]  (passes: [1.455, 1.459, 1.573])
  q5: 0.380s [OK]  (passes: [0.341, 0.316, 0.38])
  --- 3/3 OK

============================================================
  H2O SF=2gb (3 queries)
============================================================
  Pass 1/3...
  Pass 2/3...
  Pass 3/3...
  q1: 0.979s [OK]  (passes: [1.073, 1.099, 0.979])
  q3: 4.533s [OK]  (passes: [2.947, 2.92, 4.533])
  q5: 0.696s [OK]  (passes: [0.918, 0.802, 0.696])
  --- 3/3 OK

============================================================
  H2O SF=3gb (3 queries)
============================================================
  Pass 1/3...
  Pass 2/3...
  Pass 3/3...
  q1: 1.490s [OK]  (passes: [1.393, 1.465, 1.49])
  q3: 4.082s [OK]  (passes: [4.074, 3.771, 4.082])
  q5: 0.955s [OK]  (passes: [0.9, 0.937, 0.955])
  --- 3/3 OK

============================================================
  H2O SF=4gb (3 queries)
============================================================
  Pass 1/3...
  Pass 2/3...
  Pass 3/3...
  q1: 1.999s [OK]  (passes: [1.933, 1.913, 1.999])
  q3: 5.263s [OK]  (passes: [5.168, 4.884, 5.263])
  q5: 1.319s [OK]  (passes: [1.332, 1.222, 1.319])
  --- 3/3 OK
[SKIP] clickbench SF=1: /workspace/gpu_db/tests/click_duckdb/clickbench_1.duckdb not found
[SKIP] clickbench SF=5: /workspace/gpu_db/tests/click_duckdb/clickbench_5.duckdb not found
[SKIP] clickbench SF=10: /workspace/gpu_db/tests/click_duckdb/clickbench_10.duckdb not found
[SKIP] clickbench SF=20: /workspace/gpu_db/tests/click_duckdb/clickbench_20.duckdb not found

============================================================
  MICROBENCH_TPCH SF=1 (3 queries)
============================================================
  Pass 1/3...
  Pass 2/3...
  Pass 3/3...
  w1_002: 0.076s [OK]  (passes: [0.073, 0.079, 0.076])
  w3_001: 0.048s [OK]  (passes: [0.036, 0.057, 0.048])
  w5a_029: 0.036s [OK]  (passes: [0.043, 0.037, 0.036])
  --- 3/3 OK

============================================================
  MICROBENCH_TPCH SF=5 (3 queries)
============================================================
  Pass 1/3...
  Pass 2/3...
  Pass 3/3...
  w1_002: 0.126s [OK]  (passes: [0.126, 0.128, 0.126])
  w3_001: 0.044s [OK]  (passes: [0.061, 0.044, 0.044])
  w5a_029: 0.084s [OK]  (passes: [0.073, 0.088, 0.084])
  --- 3/3 OK

============================================================
  MICROBENCH_TPCH SF=10 (3 queries)
============================================================
  Pass 1/3...
  Pass 2/3...
  Pass 3/3...
  w1_002: 0.186s [OK]  (passes: [0.187, 0.193, 0.186])
  w3_001: 0.058s [OK]  (passes: [0.058, 0.078, 0.058])
  w5a_029: 0.146s [OK]  (passes: [0.136, 0.164, 0.146])
  --- 3/3 OK

============================================================
  MICROBENCH_TPCH SF=20 (3 queries)
============================================================
  Pass 1/3...
  Pass 2/3...
  Pass 3/3...
  w1_002: 0.300s [OK]  (passes: [0.299, 0.304, 0.3])
  w3_001: 0.092s [OK]  (passes: [0.084, 0.087, 0.092])
  w5a_029: 0.300s [OK]  (passes: [0.291, 0.295, 0.3])
  --- 3/3 OK

============================================================
  MICROBENCH_H2O SF=1gb (3 queries)
============================================================
  Pass 1/3...
  Pass 2/3...
  Pass 3/3...
  w1_001: 0.003s [OK]  (passes: [0.003, 0.003, 0.003])
  w3_016: 0.588s [OK]  (passes: [0.582, 0.582, 0.588])
  w6_022: 0.506s [OK]  (passes: [0.503, 0.505, 0.506])
  --- 3/3 OK

============================================================
  MICROBENCH_H2O SF=2gb (3 queries)
============================================================
  Pass 1/3...
  Pass 2/3...
  Pass 3/3...
  w1_001: 0.004s [OK]  (passes: [0.004, 0.004, 0.004])
  w3_016: 1.056s [OK]  (passes: [1.071, 1.065, 1.056])
  w6_022: 0.939s [OK]  (passes: [0.958, 0.943, 0.939])
  --- 3/3 OK

============================================================
  MICROBENCH_H2O SF=3gb (3 queries)
============================================================
  Pass 1/3...
  Pass 2/3...
  Pass 3/3...
  w1_001: 0.005s [OK]  (passes: [0.005, 0.005, 0.005])
  w3_016: 1.506s [OK]  (passes: [1.538, 1.533, 1.506])
  w6_022: 1.177s [OK]  (passes: [1.408, 1.382, 1.177])
  --- 3/3 OK

============================================================
  MICROBENCH_H2O SF=4gb (3 queries)
============================================================
  Pass 1/3...
  Pass 2/3...
  Pass 3/3...
  w1_001: 0.009s [OK]  (passes: [0.009, 0.009, 0.009])
  w3_016: 1.899s [OK]  (passes: [1.946, 1.971, 1.899])
  w6_022: 1.524s [OK]  (passes: [1.525, 1.498, 1.524])
  --- 3/3 OK
[SKIP] microbench_clickbench SF=1: /workspace/gpu_db/tests/click_duckdb/clickbench_1.duckdb not found
[SKIP] microbench_clickbench SF=5: /workspace/gpu_db/tests/click_duckdb/clickbench_5.duckdb not found
[SKIP] microbench_clickbench SF=10: /workspace/gpu_db/tests/click_duckdb/clickbench_10.duckdb not found
[SKIP] microbench_clickbench SF=20: /workspace/gpu_db/tests/click_duckdb/clickbench_20.duckdb not found

============================================================
  DONE (2546s = 42.4min)
  Results: /workspace/gpu_db/results/sirius_benchmark.csv
============================================================
  TPCH: 12/12 OK, 0 FALLBACK, 0 ERROR
    SF=1: 3/3 OK
    SF=5: 3/3 OK
    SF=10: 3/3 OK
    SF=20: 3/3 OK
  H2O: 12/12 OK, 0 FALLBACK, 0 ERROR
    SF=1gb: 3/3 OK
    SF=2gb: 3/3 OK
    SF=3gb: 3/3 OK
    SF=4gb: 3/3 OK
  MICROBENCH_TPCH: 12/12 OK, 0 FALLBACK, 0 ERROR
    SF=1: 3/3 OK
    SF=5: 3/3 OK
    SF=10: 3/3 OK
    SF=20: 3/3 OK
  MICROBENCH_H2O: 12/12 OK, 0 FALLBACK, 0 ERROR
    SF=1gb: 3/3 OK
    SF=2gb: 3/3 OK
    SF=3gb: 3/3 OK
    SF=4gb: 3/3 OK
