======================================================================
  MAXIMUS DATA-ON-CPU BENCHMARK (-s cpu)
  Started: 2026-03-12 20:55:37.466248
======================================================================

======================================================================
  TPCH SF=1 (3 queries, -s cpu)
======================================================================

--- Timing (3 reps, -s cpu) ---
  q1: min=30.0ms avg=47.7ms [OK]
  q3: min=16.0ms avg=21.0ms [OK]
  q6: min=11.0ms avg=12.3ms [OK]
  --- 3/3 OK

======================================================================
  TPCH SF=5 (3 queries, -s cpu)
======================================================================

--- Timing (3 reps, -s cpu) ---
  q1: min=142.0ms avg=166.0ms [OK]
  q3: min=72.0ms avg=98.7ms [OK]
  q6: min=51.0ms avg=56.0ms [OK]
  --- 3/3 OK

======================================================================
  TPCH SF=10 (3 queries, -s cpu)
======================================================================

--- Timing (3 reps, -s cpu) ---
  q1: min=738.0ms avg=825.3ms [OK]
  q3: min=131.0ms avg=144.3ms [OK]
  q6: min=106.0ms avg=222.7ms [OK]
  --- 3/3 OK

======================================================================
  TPCH SF=20 (3 queries, -s cpu)
======================================================================

--- Timing (3 reps, -s cpu) ---
  q1: min=530.0ms avg=551.7ms [OK]
  q3: min=259.0ms avg=271.0ms [OK]
  q6: min=198.0ms avg=236.7ms [OK]
  --- 3/3 OK

======================================================================
  H2O SF=1gb (3 queries, -s cpu)
======================================================================

--- Timing (3 reps, -s cpu) ---
  q1: min=70.0ms avg=90.7ms [OK]
  q3: min=276.0ms avg=288.7ms [OK]
  q5: min=100.0ms avg=105.3ms [OK]
  --- 3/3 OK

======================================================================
  H2O SF=2gb (3 queries, -s cpu)
======================================================================

--- Timing (3 reps, -s cpu) ---
  q1: min=146.0ms avg=181.7ms [OK]
  q3: min=390.0ms avg=468.3ms [OK]
  q5: min=171.0ms avg=189.3ms [OK]
  --- 3/3 OK

======================================================================
  H2O SF=3gb (3 queries, -s cpu)
======================================================================

--- Timing (3 reps, -s cpu) ---
  q1: min=222.0ms avg=268.7ms [OK]
  q3: min=542.0ms avg=596.0ms [OK]
  q5: min=291.0ms avg=307.7ms [OK]
  --- 3/3 OK

======================================================================
  H2O SF=4gb (3 queries, -s cpu)
======================================================================

--- Timing (3 reps, -s cpu) ---
  q1: min=283.0ms avg=507.3ms [OK]
  q3: min=851.0ms avg=1292.7ms [OK]
  q5: min=344.0ms avg=375.0ms [OK]
  --- 3/3 OK

======================================================================
  CLICKBENCH SF=1 (3 queries, -s cpu)
======================================================================

--- Timing (3 reps, -s cpu) ---
  Batch incomplete (0/3), retrying...
  q1: NO DATA [FAIL]
  q6: NO DATA [FAIL]
  q20: NO DATA [FAIL]
  --- 0/3 OK

======================================================================
  CLICKBENCH SF=5 (3 queries, -s cpu)
======================================================================

--- Timing (3 reps, -s cpu) ---
  Batch incomplete (0/3), retrying...
  q1: NO DATA [FAIL]
  q6: NO DATA [FAIL]
  q20: NO DATA [FAIL]
  --- 0/3 OK

======================================================================
  CLICKBENCH SF=10 (3 queries, -s cpu)
======================================================================

--- Timing (3 reps, -s cpu) ---
  Batch incomplete (0/3), retrying...
  q1: NO DATA [FAIL]
  q6: NO DATA [FAIL]
  q20: NO DATA [FAIL]
  --- 0/3 OK

======================================================================
  CLICKBENCH SF=20 (3 queries, -s cpu)
======================================================================

--- Timing (3 reps, -s cpu) ---
  Batch incomplete (0/3), retrying...
  q1: NO DATA [FAIL]
  q6: NO DATA [FAIL]
  q20: NO DATA [FAIL]
  --- 0/3 OK

======================================================================
  MICROBENCH_TPCH SF=1 (3 queries, -s cpu)
======================================================================

--- Timing (3 reps, -s cpu) ---
  w1_002: min=1.0ms avg=3.3ms [OK]
  w3_001: min=0.0ms avg=16.7ms [OK]
  w5a_029: min=4.0ms avg=7.7ms [OK]
  --- 3/3 OK

======================================================================
  MICROBENCH_TPCH SF=5 (3 queries, -s cpu)
======================================================================

--- Timing (3 reps, -s cpu) ---
  w1_002: min=6.0ms avg=14.7ms [OK]
  w3_001: min=2.0ms avg=14.0ms [OK]
  w5a_029: min=16.0ms avg=20.3ms [OK]
  --- 3/3 OK

======================================================================
  MICROBENCH_TPCH SF=10 (3 queries, -s cpu)
======================================================================

--- Timing (3 reps, -s cpu) ---
  w1_002: min=27.0ms avg=28.3ms [OK]
  w3_001: min=3.0ms avg=16.0ms [OK]
  w5a_029: min=54.0ms avg=55.7ms [OK]
  --- 3/3 OK

======================================================================
  MICROBENCH_TPCH SF=20 (3 queries, -s cpu)
======================================================================

--- Timing (3 reps, -s cpu) ---
  w1_002: min=36.0ms avg=52.0ms [OK]
  w3_001: min=6.0ms avg=34.3ms [OK]
  w5a_029: min=91.0ms avg=111.0ms [OK]
  --- 3/3 OK

======================================================================
  MICROBENCH_H2O SF=1gb (3 queries, -s cpu)
======================================================================

--- Timing (3 reps, -s cpu) ---
  w1_001: min=43.0ms avg=49.7ms [OK]
  w3_016: min=83.0ms avg=109.0ms [OK]
  w6_022: min=109.0ms avg=118.3ms [OK]
  --- 3/3 OK

======================================================================
  MICROBENCH_H2O SF=2gb (3 queries, -s cpu)
======================================================================

--- Timing (3 reps, -s cpu) ---
  w1_001: min=30.0ms avg=37.0ms [OK]
  w3_016: min=142.0ms avg=204.0ms [OK]
  w6_022: min=219.0ms avg=237.7ms [OK]
  --- 3/3 OK

======================================================================
  MICROBENCH_H2O SF=3gb (3 queries, -s cpu)
======================================================================

--- Timing (3 reps, -s cpu) ---
  w1_001: min=50.0ms avg=58.0ms [OK]
  w3_016: min=220.0ms avg=239.3ms [OK]
  w6_022: min=348.0ms avg=383.3ms [OK]
  --- 3/3 OK

======================================================================
  MICROBENCH_H2O SF=4gb (3 queries, -s cpu)
======================================================================

--- Timing (3 reps, -s cpu) ---
  w1_001: min=57.0ms avg=63.3ms [OK]
  w3_016: min=274.0ms avg=310.3ms [OK]
  w6_022: min=404.0ms avg=475.3ms [OK]
  --- 3/3 OK

======================================================================
  MICROBENCH_CLICKBENCH SF=1 (3 queries, -s cpu)
======================================================================

--- Timing (3 reps, -s cpu) ---
  Batch incomplete (0/3), retrying...
  w1_001: NO DATA [FAIL]
  w3_011: NO DATA [FAIL]
  w6_016: NO DATA [FAIL]
  --- 0/3 OK

======================================================================
  MICROBENCH_CLICKBENCH SF=5 (3 queries, -s cpu)
======================================================================

--- Timing (3 reps, -s cpu) ---
  Batch incomplete (0/3), retrying...
  w1_001: NO DATA [FAIL]
  w3_011: NO DATA [FAIL]
  w6_016: NO DATA [FAIL]
  --- 0/3 OK

======================================================================
  MICROBENCH_CLICKBENCH SF=10 (3 queries, -s cpu)
======================================================================

--- Timing (3 reps, -s cpu) ---
  Batch incomplete (0/3), retrying...
  w1_001: NO DATA [FAIL]
  w3_011: NO DATA [FAIL]
  w6_016: NO DATA [FAIL]
  --- 0/3 OK

======================================================================
  MICROBENCH_CLICKBENCH SF=20 (3 queries, -s cpu)
======================================================================

--- Timing (3 reps, -s cpu) ---
  Batch incomplete (0/3), retrying...
  w1_001: NO DATA [FAIL]
  w3_011: NO DATA [FAIL]
  w6_016: NO DATA [FAIL]
  --- 0/3 OK

======================================================================
  DONE (1477s = 24.6min)
  Timing: /workspace/gpu_db/results/maximus_cpu_data_timing.csv
======================================================================
