======================================================================
  MAXIMUS GPU STEADY-STATE METRICS
  Target: 10.0s sustained execution per query
  Started: 2026-03-11 17:42:28.464115
======================================================================

======================================================================
  METRICS: TPCH SF=1
  Target: 10.0s sustained execution per query
  Started: 2026-03-11 17:42:28.464205
======================================================================

--- Phase 1: Calibration (3 reps, -s gpu) ---
  q1... 1ms
  q3... 0ms
  q6... 0ms

--- Phase 2: Calculate n_reps ---
  q1: 1ms x 10000 reps = 10.0s (gpu)
  q3: 0ms x 100 reps = 0.1s (gpu)
  q6: 0ms x 100 reps = 0.1s (gpu)

--- Phase 3: Metrics run with nvidia-smi sampling ---
  q1 (10000 reps, -s gpu)... 1ms, 20.1s, GPU:71W CPU:0W, 100%util, 40817MB, GPU_E:0J CPU_E:0J [OK]
  q3 (100 reps, -s gpu)... 0ms, 4.9s, GPU:67W CPU:0W, 100%util, 449MB, GPU_E:0J CPU_E:0J [OK]
  q6 (100 reps, -s gpu)... 0ms, 4.7s, GPU:67W CPU:0W, 100%util, 439MB, GPU_E:0J CPU_E:0J [OK]

  Samples: /workspace/gpu_db/results/maximus_tpch_sf1_metrics_samples_20260311_174228.csv (270 samples)
  Summary: /workspace/gpu_db/results/maximus_tpch_sf1_metrics_summary_20260311_174228.csv (3 queries)
[SKIP] tpch SF=5: /workspace/gpu_db/tests/tpch/csv-5 not found
[SKIP] tpch SF=10: /workspace/gpu_db/tests/tpch/csv-10 not found
[SKIP] tpch SF=20: /workspace/gpu_db/tests/tpch/csv-20 not found
[SKIP] h2o SF=1gb: /workspace/gpu_db/tests/h2o/csv-1gb not found
[SKIP] h2o SF=2gb: /workspace/gpu_db/tests/h2o/csv-2gb not found
[SKIP] h2o SF=3gb: /workspace/gpu_db/tests/h2o/csv-3gb not found
[SKIP] h2o SF=4gb: /workspace/gpu_db/tests/h2o/csv-4gb not found
[SKIP] clickbench SF=1: /workspace/gpu_db/tests/clickbench/csv-1 not found
[SKIP] clickbench SF=5: /workspace/gpu_db/tests/clickbench/csv-5 not found
[SKIP] clickbench SF=10: /workspace/gpu_db/tests/clickbench/csv-10 not found
[SKIP] clickbench SF=20: /workspace/gpu_db/tests/clickbench/csv-20 not found

======================================================================
  METRICS: MICROBENCH_TPCH SF=1
  Target: 10.0s sustained execution per query
  Started: 2026-03-11 17:43:12.430168
======================================================================

--- Phase 1: Calibration (3 reps, -s gpu) ---
  w1_002... 0ms
  w3_001... 0ms
  w5a_029... 0ms

--- Phase 2: Calculate n_reps ---
  w1_002: 0ms x 100 reps = 0.1s (gpu)
  w3_001: 0ms x 100 reps = 0.1s (gpu)
  w5a_029: 0ms x 100 reps = 0.1s (gpu)

--- Phase 3: Metrics run with nvidia-smi sampling ---
  w1_002 (100 reps, -s gpu)... 0ms, 4.8s, GPU:66W CPU:0W, 100%util, 432MB, GPU_E:0J CPU_E:0J [OK]
  w3_001 (100 reps, -s gpu)... 0ms, 4.7s, GPU:65W CPU:0W, 100%util, 40817MB, GPU_E:0J CPU_E:0J [OK]
  w5a_029 (100 reps, -s gpu)... 0ms, 4.8s, GPU:65W CPU:0W, 100%util, 40815MB, GPU_E:0J CPU_E:0J [OK]

  Samples: /workspace/gpu_db/results/maximus_microbench_tpch_sf1_metrics_samples_20260311_174312.csv (110 samples)
  Summary: /workspace/gpu_db/results/maximus_microbench_tpch_sf1_metrics_summary_20260311_174312.csv (3 queries)
[SKIP] microbench_tpch SF=5: /workspace/gpu_db/tests/tpch/csv-5 not found
[SKIP] microbench_tpch SF=10: /workspace/gpu_db/tests/tpch/csv-10 not found
[SKIP] microbench_tpch SF=20: /workspace/gpu_db/tests/tpch/csv-20 not found
[SKIP] microbench_h2o SF=1gb: /workspace/gpu_db/tests/h2o/csv-1gb not found
[SKIP] microbench_h2o SF=2gb: /workspace/gpu_db/tests/h2o/csv-2gb not found
[SKIP] microbench_h2o SF=3gb: /workspace/gpu_db/tests/h2o/csv-3gb not found
[SKIP] microbench_h2o SF=4gb: /workspace/gpu_db/tests/h2o/csv-4gb not found
[SKIP] microbench_clickbench SF=1: /workspace/gpu_db/tests/clickbench/csv-1 not found
[SKIP] microbench_clickbench SF=5: /workspace/gpu_db/tests/clickbench/csv-5 not found
[SKIP] microbench_clickbench SF=10: /workspace/gpu_db/tests/clickbench/csv-10 not found
[SKIP] microbench_clickbench SF=20: /workspace/gpu_db/tests/clickbench/csv-20 not found

======================================================================
  ALL DONE — 2026-03-11 17:43:40.852063
======================================================================
