======================================================================
  ENERGY SUMMARY
  Results dir: /workspace/gpu_db/results
  Found 43 metrics summary files
======================================================================
  Loaded 836 query results
  After --latest filter: 372 query results

  ==================================================================
  Engine: MAXIMUS
  ==================================================================

  clickbench SF=5 (39 queries)
    GPU Energy:     120.40 J  (avg 3.0872 J/query)
    CPU Energy:      78.80 J  (avg 2.0205 J/query)
    Total Energy:   199.20 J  (avg 5.1077 J/query)
    Avg Power:       155.3 W
    Avg GPU Util:     78.3 %
    Avg Latency:     20.56 ms
    Top queries by GPU energy:
               q32: 12.4000 J  (146W × 85.0ms)
               q21: 11.3000 J  (245W × 46.0ms)
               q20: 11.0000 J  (239W × 46.0ms)
               q22: 10.0000 J  (227W × 44.0ms)
               q23: 9.9000 J  (216W × 46.0ms)

  h2o SF=1gb (9 queries)
    GPU Energy:       0.00 J  (avg 0.0000 J/query)
    CPU Energy:      47.70 J  (avg 5.3000 J/query)
    Total Energy:    47.70 J  (avg 5.3000 J/query)
    Avg Power:       185.7 W
    Avg GPU Util:     77.1 %
    Avg Latency:     40.44 ms
    Top queries by GPU energy:
                q1: 0.0000 J  (184W × 11.0ms)
                q2: 0.0000 J  (184W × 19.0ms)
                q3: 0.0000 J  (184W × 22.0ms)
                q4: 0.0000 J  (184W × 19.0ms)
                q5: 0.0000 J  (185W × 20.0ms)

  h2o SF=2gb (9 queries)
    GPU Energy:       0.00 J  (avg 0.0000 J/query)
    CPU Energy:    -416.00 J  (avg -46.2222 J/query)
    Total Energy:  -416.00 J  (avg -46.2222 J/query)
    Avg Power:       186.1 W
    Avg GPU Util:     76.9 %
    Avg Latency:     95.44 ms
    Top queries by GPU energy:
                q1: 0.0000 J  (184W × 23.0ms)
                q2: 0.0000 J  (184W × 38.0ms)
                q3: 0.0000 J  (185W × 42.0ms)
                q4: 0.0000 J  (184W × 37.0ms)
                q5: 0.0000 J  (185W × 40.0ms)

  h2o SF=3gb (7 queries)
    GPU Energy:       0.00 J  (avg 0.0000 J/query)
    CPU Energy:     825.50 J  (avg 117.9286 J/query)
    Total Energy:   825.50 J  (avg 117.9286 J/query)
    Avg Power:       185.2 W
    Avg GPU Util:     76.9 %
    Avg Latency:    877.00 ms
    Top queries by GPU energy:
                q1: 0.0000 J  (184W × 151.0ms)
                q2: 0.0000 J  (185W × 266.0ms)
                q3: 0.0000 J  (184W × 654.0ms)
                q4: 0.0000 J  (184W × 200.0ms)
                q5: 0.0000 J  (185W × 213.0ms)

  h2o SF=4gb (8 queries)
    GPU Energy:       0.00 J  (avg 0.0000 J/query)
    CPU Energy:     655.20 J  (avg 81.9000 J/query)
    Total Energy:   655.20 J  (avg 81.9000 J/query)
    Avg Power:       112.7 W
    Avg GPU Util:     37.4 %
    Avg Latency:    714.62 ms
    Top queries by GPU energy:
                q1: 0.0000 J  (183W × 205.0ms)
                q2: 0.0000 J  (184W × 364.0ms)
                q3: 0.0000 J  (57W × 708.0ms)
                q4: 0.0000 J  (184W × 266.0ms)
                q5: 0.0000 J  (54W × 274.0ms)

  microbench_tpch SF=1 (3 queries)
    GPU Energy:       0.00 J  (avg 0.0000 J/query)
    CPU Energy:       0.00 J  (avg 0.0000 J/query)
    Total Energy:     0.00 J  (avg 0.0000 J/query)
    Avg Power:        65.2 W
    Avg GPU Util:     44.5 %
    Avg Latency:      0.00 ms
    Top queries by GPU energy:
            w1_002: 0.0000 J  (66W × 0.0ms)
            w3_001: 0.0000 J  (65W × 0.0ms)
           w5a_029: 0.0000 J  (65W × 0.0ms)

  tpch SF=1 (22 queries)
    GPU Energy:       0.10 J  (avg 0.0045 J/query)
    CPU Energy:      87.20 J  (avg 3.9636 J/query)
    Total Energy:    87.30 J  (avg 3.9682 J/query)
    Avg Power:        60.4 W
    Avg GPU Util:     17.9 %
    Avg Latency:     44.68 ms
    Top queries by GPU energy:
                q1: 0.1000 J  (71W × 1.0ms)
                q2: 0.0000 J  (52W × 5.0ms)
                q3: 0.0000 J  (67W × 0.0ms)
                q4: 0.0000 J  (52W × 13.0ms)
                q5: 0.0000 J  (53W × 22.0ms)

  tpch SF=10 (15 queries)
    GPU Energy:       0.00 J  (avg 0.0000 J/query)
    CPU Energy:     365.10 J  (avg 24.3400 J/query)
    Total Energy:   365.10 J  (avg 24.3400 J/query)
    Avg Power:       177.2 W
    Avg GPU Util:     73.7 %
    Avg Latency:    389.53 ms
    Top queries by GPU energy:
                q1: 0.0000 J  (132W × 321.0ms)
                q2: 0.0000 J  (130W × 33.0ms)
                q3: 0.0000 J  (180W × 199.0ms)
                q4: 0.0000 J  (183W × 138.0ms)
                q5: 0.0000 J  (184W × 216.0ms)

  tpch SF=2 (22 queries)
    GPU Energy:       0.00 J  (avg 0.0000 J/query)
    CPU Energy:     135.20 J  (avg 6.1455 J/query)
    Total Energy:   135.20 J  (avg 6.1455 J/query)
    Avg Power:        58.9 W
    Avg GPU Util:      6.8 %
    Avg Latency:     95.86 ms
    Top queries by GPU energy:
                q1: 0.0000 J  (58W × 57.0ms)
                q2: 0.0000 J  (56W × 9.0ms)
                q3: 0.0000 J  (55W × 39.0ms)
                q4: 0.0000 J  (55W × 25.0ms)
                q5: 0.0000 J  (56W × 42.0ms)

  tpch SF=5 (20 queries)
    GPU Energy:       0.00 J  (avg 0.0000 J/query)
    CPU Energy:      98.50 J  (avg 4.9250 J/query)
    Total Energy:    98.50 J  (avg 4.9250 J/query)
    Avg Power:       112.6 W
    Avg GPU Util:     41.1 %
    Avg Latency:    229.50 ms
    Top queries by GPU energy:
                q1: 0.0000 J  (56W × 143.0ms)
                q2: 0.0000 J  (54W × 18.0ms)
                q3: 0.0000 J  (54W × 98.0ms)
                q4: 0.0000 J  (54W × 63.0ms)
                q5: 0.0000 J  (55W × 108.0ms)

  ==================================================================
  Engine: SIRIUS
  ==================================================================

  clickbench SF=10 (42 queries)
    GPU Energy:      42.00 J  (avg 1.0000 J/query)
    CPU Energy:    -171.51 J  (avg -4.0836 J/query)
    Total Energy:  -129.51 J  (avg -3.0836 J/query)
    Avg Power:       103.8 W
    Avg GPU Util:     36.4 %
    Avg Latency:      9.31 ms
    Top queries by GPU energy:
                q9: 9.2900 J  (119W × 78.0ms)
                q8: 9.1300 J  (120W × 76.0ms)
                q5: 4.0500 J  (92W × 44.0ms)
               q22: 3.1300 J  (196W × 16.0ms)
               q32: 1.6600 J  (72W × 23.0ms)

  clickbench SF=20 (42 queries)
    GPU Energy:      97.66 J  (avg 2.3252 J/query)
    CPU Energy:     -34.18 J  (avg -0.8138 J/query)
    Total Energy:    63.48 J  (avg 1.5114 J/query)
    Avg Power:       119.4 W
    Avg GPU Util:     45.4 %
    Avg Latency:     17.71 ms
    Top queries by GPU energy:
                q9: 25.0200 J  (153W × 164.0ms)
                q8: 24.7300 J  (153W × 162.0ms)
                q5: 8.1300 J  (113W × 72.0ms)
               q22: 6.3700 J  (205W × 31.0ms)
               q32: 5.4300 J  (92W × 59.0ms)

  h2o SF=1gb (10 queries)
    GPU Energy:       2.78 J  (avg 0.2780 J/query)
    CPU Energy:     -12.97 J  (avg -1.2970 J/query)
    Total Energy:   -10.19 J  (avg -1.0190 J/query)
    Avg Power:        57.7 W
    Avg GPU Util:      4.5 %
    Avg Latency:      4.70 ms
    Top queries by GPU energy:
                q9: 0.6900 J  (63W × 11.0ms)
               q10: 0.4300 J  (62W × 7.0ms)
                q8: 0.4100 J  (59W × 7.0ms)
                q3: 0.2300 J  (57W × 4.0ms)
                q5: 0.2300 J  (57W × 4.0ms)

  h2o SF=2gb (10 queries)
    GPU Energy:       5.18 J  (avg 0.5180 J/query)
    CPU Energy:       9.00 J  (avg 0.9000 J/query)
    Total Energy:    14.18 J  (avg 1.4180 J/query)
    Avg Power:        62.4 W
    Avg GPU Util:      5.7 %
    Avg Latency:      8.00 ms
    Top queries by GPU energy:
                q9: 1.3500 J  (71W × 19.0ms)
               q10: 0.8300 J  (69W × 12.0ms)
                q8: 0.7100 J  (65W × 11.0ms)
                q3: 0.4300 J  (62W × 7.0ms)
                q5: 0.4300 J  (61W × 7.0ms)

  h2o SF=3gb (8 queries)
    GPU Energy:      61.82 J  (avg 7.7275 J/query)
    CPU Energy:      70.39 J  (avg 8.7988 J/query)
    Total Energy:   132.21 J  (avg 16.5263 J/query)
    Avg Power:        92.1 W
    Avg GPU Util:     25.2 %
    Avg Latency:     77.25 ms
    Top queries by GPU energy:
                q7: 23.1500 J  (105W × 221.0ms)
                q3: 22.1200 J  (101W × 219.0ms)
                q6: 5.5000 J  (106W × 52.0ms)
                q2: 3.0400 J  (95W × 32.0ms)
                q8: 3.0300 J  (98W × 31.0ms)

  h2o SF=4gb (3 queries)
    GPU Energy:       7.99 J  (avg 2.6633 J/query)
    CPU Energy:      10.18 J  (avg 3.3933 J/query)
    Total Energy:    18.17 J  (avg 6.0567 J/query)
    Avg Power:        85.6 W
    Avg GPU Util:     19.4 %
    Avg Latency:     29.67 ms
    Top queries by GPU energy:
                q2: 4.4600 J  (104W × 43.0ms)
                q1: 1.9000 J  (79W × 24.0ms)
                q4: 1.6300 J  (74W × 22.0ms)

  tpch SF=1 (22 queries)
    GPU Energy:       3.72 J  (avg 0.1691 J/query)
    CPU Energy:       2.49 J  (avg 0.1132 J/query)
    Total Energy:     6.21 J  (avg 0.2823 J/query)
    Avg Power:        80.7 W
    Avg GPU Util:     24.6 %
    Avg Latency:      2.14 ms
    Top queries by GPU energy:
               q18: 0.5000 J  (124W × 4.0ms)
               q21: 0.2800 J  (94W × 3.0ms)
               q09: 0.2700 J  (89W × 3.0ms)
               q02: 0.2500 J  (62W × 4.0ms)
               q07: 0.2100 J  (70W × 3.0ms)

  tpch SF=10 (21 queries)
    GPU Energy:      22.47 J  (avg 1.0700 J/query)
    CPU Energy:      18.37 J  (avg 0.8748 J/query)
    Total Energy:    40.84 J  (avg 1.9448 J/query)
    Avg Power:       144.7 W
    Avg GPU Util:     56.2 %
    Avg Latency:      7.67 ms
    Top queries by GPU energy:
               q18: 5.3500 J  (184W × 29.0ms)
               q13: 2.4400 J  (72W × 34.0ms)
               q21: 1.9700 J  (164W × 12.0ms)
               q06: 1.7800 J  (178W × 10.0ms)
               q12: 1.1500 J  (165W × 7.0ms)

  tpch SF=2 (22 queries)
    GPU Energy:       5.90 J  (avg 0.2682 J/query)
    CPU Energy:     -12.00 J  (avg -0.5455 J/query)
    Total Energy:    -6.10 J  (avg -0.2773 J/query)
    Avg Power:        97.0 W
    Avg GPU Util:     32.5 %
    Avg Latency:      2.82 ms
    Top queries by GPU energy:
               q18: 1.0500 J  (150W × 7.0ms)
               q21: 0.4500 J  (114W × 4.0ms)
               q13: 0.3900 J  (56W × 7.0ms)
               q02: 0.3400 J  (68W × 5.0ms)
               q09: 0.3400 J  (114W × 3.0ms)

  tpch SF=5 (22 queries)
    GPU Energy:      11.77 J  (avg 0.5350 J/query)
    CPU Energy:       4.97 J  (avg 0.2259 J/query)
    Total Energy:    16.74 J  (avg 0.7609 J/query)
    Avg Power:       124.5 W
    Avg GPU Util:     46.2 %
    Avg Latency:      4.32 ms
    Top queries by GPU energy:
               q18: 2.6000 J  (173W × 15.0ms)
               q21: 1.0300 J  (147W × 7.0ms)
               q13: 0.9300 J  (62W × 15.0ms)
               q06: 0.8700 J  (174W × 5.0ms)
               q09: 0.5800 J  (146W × 4.0ms)

  ==================================================================
  GRAND TOTAL (356 queries)
    GPU Energy:     381.79 J
    CPU Energy:    1761.94 J
    Total Energy:  2143.73 J
  ==================================================================

  Output CSV: /workspace/gpu_db/results/energy_summary.csv (372 rows)
