======================================================================
  ENERGY SUMMARY
  Results dir: /workspace/gpu_db/results
  Found 67 metrics summary files
======================================================================
  Loaded 905 query results
  After --latest filter: 396 query results

  ==================================================================
  Engine: MAXIMUS
  ==================================================================

  clickbench SF=5 (39 queries)
    GPU Energy:     120.40 J  (avg 3.0872 J/query)
    CPU Energy:      78.80 J  (avg 2.0205 J/query)
    Total Energy:   199.20 J  (avg 5.1077 J/query)
    Avg Power:       155.3 W
    Avg GPU Util:     78.3 %
    Avg Latency:     20.56 ms
    Top queries by GPU energy:
               q32: 12.4000 J  (146W × 85.0ms)
               q21: 11.3000 J  (245W × 46.0ms)
               q20: 11.0000 J  (239W × 46.0ms)
               q22: 10.0000 J  (227W × 44.0ms)
               q23: 9.9000 J  (216W × 46.0ms)

  h2o SF=1gb (9 queries)
    GPU Energy:      20.16 J  (avg 2.2402 J/query)
    CPU Energy:      40.70 J  (avg 4.5222 J/query)
    Total Energy:    60.86 J  (avg 6.7624 J/query)
    Avg Power:       173.6 W
    Avg GPU Util:     76.8 %
    Avg Latency:     58.00 ms
    Top queries by GPU energy:
                q3: 16.1707 J  (86W × 188.0ms)
                q1: 2.1665 J  (155W × 14.0ms)
                q5: 1.8243 J  (203W × 9.0ms)
                q2: 0.0000 J  (184W × 19.0ms)
                q4: 0.0000 J  (184W × 19.0ms)

  h2o SF=2gb (9 queries)
    GPU Energy:      30.78 J  (avg 3.4203 J/query)
    CPU Energy:    -429.90 J  (avg -47.7667 J/query)
    Total Energy:  -399.12 J  (avg -44.3464 J/query)
    Avg Power:       176.0 W
    Avg GPU Util:     78.9 %
    Avg Latency:    114.00 ms
    Top queries by GPU energy:
                q3: 22.6934 J  (100W × 226.0ms)
                q1: 4.3931 J  (157W × 28.0ms)
                q5: 3.6963 J  (205W × 18.0ms)
                q2: 0.0000 J  (184W × 38.0ms)
                q4: 0.0000 J  (184W × 37.0ms)

  h2o SF=3gb (7 queries)
    GPU Energy:      39.09 J  (avg 5.5841 J/query)
    CPU Energy:     689.80 J  (avg 98.5429 J/query)
    Total Energy:   728.89 J  (avg 104.1269 J/query)
    Avg Power:       173.1 W
    Avg GPU Util:     78.5 %
    Avg Latency:    777.86 ms
    Top queries by GPU energy:
                q3: 26.9844 J  (106W × 255.0ms)
                q1: 6.5353 J  (156W × 42.0ms)
                q5: 5.5688 J  (206W × 27.0ms)
                q2: 0.0000 J  (185W × 266.0ms)
                q4: 0.0000 J  (184W × 200.0ms)

  h2o SF=4gb (8 queries)
    GPU Energy:      49.33 J  (avg 6.1662 J/query)
    CPU Energy:     518.70 J  (avg 64.8375 J/query)
    Total Energy:   568.03 J  (avg 71.0037 J/query)
    Avg Power:       135.7 W
    Avg GPU Util:     58.3 %
    Avg Latency:    612.50 ms
    Top queries by GPU energy:
                q3: 33.2182 J  (120W × 278.0ms)
                q1: 8.9078 J  (159W × 56.0ms)
                q5: 7.2038 J  (200W × 36.0ms)
                q2: 0.0000 J  (184W × 364.0ms)
                q4: 0.0000 J  (184W × 266.0ms)

  microbench_h2o SF=1gb (3 queries)
    GPU Energy:      14.95 J  (avg 4.9826 J/query)
    CPU Energy:       0.00 J  (avg 0.0000 J/query)
    Total Energy:    14.95 J  (avg 4.9826 J/query)
    Avg Power:       153.9 W
    Avg GPU Util:     71.4 %
    Avg Latency:     35.03 ms
    Top queries by GPU energy:
            w6_022: 7.6886 J  (214W × 36.0ms)
            w1_001: 5.0750 J  (92W × 55.1ms)
            w3_016: 2.1841 J  (156W × 14.0ms)

  microbench_h2o SF=2gb (3 queries)
    GPU Energy:      30.05 J  (avg 10.0156 J/query)
    CPU Energy:       0.00 J  (avg 0.0000 J/query)
    Total Energy:    30.05 J  (avg 10.0156 J/query)
    Avg Power:       169.0 W
    Avg GPU Util:     81.2 %
    Avg Latency:     57.96 ms
    Top queries by GPU energy:
            w6_022: 17.6757 J  (242W × 73.0ms)
            w1_001: 8.0393 J  (110W × 72.9ms)
            w3_016: 4.3319 J  (155W × 28.0ms)

  microbench_h2o SF=3gb (3 queries)
    GPU Energy:      46.16 J  (avg 15.3850 J/query)
    CPU Energy:       0.00 J  (avg 0.0000 J/query)
    Total Energy:    46.16 J  (avg 15.3850 J/query)
    Avg Power:       187.7 W
    Avg GPU Util:     92.5 %
    Avg Latency:     77.06 ms
    Top queries by GPU energy:
            w6_022: 26.2938 J  (241W × 109.0ms)
            w1_001: 13.4701 J  (166W × 81.2ms)
            w3_016: 6.3911 J  (156W × 41.0ms)

  microbench_h2o SF=4gb (3 queries)
    GPU Energy:      57.98 J  (avg 19.3250 J/query)
    CPU Energy:       0.00 J  (avg 0.0000 J/query)
    Total Energy:    57.98 J  (avg 19.3250 J/query)
    Avg Power:       188.6 W
    Avg GPU Util:     94.5 %
    Avg Latency:     95.56 ms
    Top queries by GPU energy:
            w6_022: 34.8490 J  (239W × 146.0ms)
            w1_001: 14.1915 J  (168W × 84.7ms)
            w3_016: 8.9346 J  (160W × 56.0ms)

  microbench_tpch SF=1 (3 queries)
    GPU Energy:       4.57 J  (avg 1.5239 J/query)
    CPU Energy:       0.00 J  (avg 0.0000 J/query)
    Total Energy:     4.57 J  (avg 1.5239 J/query)
    Avg Power:       120.9 W
    Avg GPU Util:     75.2 %
    Avg Latency:     18.70 ms
    Top queries by GPU energy:
            w3_001: 4.1012 J  (78W × 52.5ms)
            w1_002: 0.3011 J  (115W × 2.6ms)
           w5a_029: 0.1695 J  (170W × 1.0ms)

  microbench_tpch SF=10 (3 queries)
    GPU Energy:       3.45 J  (avg 1.1509 J/query)
    CPU Energy:       0.00 J  (avg 0.0000 J/query)
    Total Energy:     3.45 J  (avg 1.1509 J/query)
    Avg Power:       167.3 W
    Avg GPU Util:     86.9 %
    Avg Latency:      6.33 ms
    Top queries by GPU energy:
           w5a_029: 2.7130 J  (194W × 14.0ms)
            w1_002: 0.5757 J  (144W × 4.0ms)
            w3_001: 0.1641 J  (164W × 1.0ms)

  microbench_tpch SF=20 (3 queries)
    GPU Energy:       6.76 J  (avg 2.2530 J/query)
    CPU Energy:       0.00 J  (avg 0.0000 J/query)
    Total Energy:     6.76 J  (avg 2.2530 J/query)
    Avg Power:       159.6 W
    Avg GPU Util:     80.3 %
    Avg Latency:     13.67 ms
    Top queries by GPU energy:
           w5a_029: 5.3406 J  (172W × 31.0ms)
            w1_002: 1.2509 J  (139W × 9.0ms)
            w3_001: 0.1676 J  (168W × 1.0ms)

  microbench_tpch SF=5 (3 queries)
    GPU Energy:       6.51 J  (avg 2.1707 J/query)
    CPU Energy:       0.00 J  (avg 0.0000 J/query)
    Total Energy:     6.51 J  (avg 2.1707 J/query)
    Avg Power:       140.5 W
    Avg GPU Util:     84.6 %
    Avg Latency:     20.64 ms
    Top queries by GPU energy:
            w3_001: 4.9111 J  (93W × 52.9ms)
           w5a_029: 1.3210 J  (189W × 7.0ms)
            w1_002: 0.2800 J  (140W × 2.0ms)

  tpch SF=1 (22 queries)
    GPU Energy:       3.08 J  (avg 0.1401 J/query)
    CPU Energy:      87.20 J  (avg 3.9636 J/query)
    Total Energy:    90.28 J  (avg 4.1037 J/query)
    Avg Power:        74.2 W
    Avg GPU Util:     18.3 %
    Avg Latency:     45.48 ms
    Top queries by GPU energy:
                q1: 1.7857 J  (162W × 11.0ms)
                q6: 0.9494 J  (172W × 5.5ms)
                q3: 0.3470 J  (174W × 2.0ms)
                q2: 0.0000 J  (52W × 5.0ms)
                q4: 0.0000 J  (52W × 13.0ms)

  tpch SF=10 (15 queries)
    GPU Energy:      19.41 J  (avg 1.2939 J/query)
    CPU Energy:     273.40 J  (avg 18.2267 J/query)
    Total Energy:   292.81 J  (avg 19.5206 J/query)
    Avg Power:       183.0 W
    Avg GPU Util:     77.0 %
    Avg Latency:    351.27 ms
    Top queries by GPU energy:
                q1: 15.8918 J  (166W × 96.0ms)
                q3: 2.6684 J  (205W × 13.0ms)
                q6: 0.8485 J  (212W × 4.0ms)
                q2: 0.0000 J  (130W × 33.0ms)
                q4: 0.0000 J  (183W × 138.0ms)

  tpch SF=2 (22 queries)
    GPU Energy:       0.00 J  (avg 0.0000 J/query)
    CPU Energy:     135.20 J  (avg 6.1455 J/query)
    Total Energy:   135.20 J  (avg 6.1455 J/query)
    Avg Power:        58.9 W
    Avg GPU Util:      6.8 %
    Avg Latency:     95.86 ms
    Top queries by GPU energy:
                q1: 0.0000 J  (58W × 57.0ms)
                q2: 0.0000 J  (56W × 9.0ms)
                q3: 0.0000 J  (55W × 39.0ms)
                q4: 0.0000 J  (55W × 25.0ms)
                q5: 0.0000 J  (56W × 42.0ms)

  tpch SF=20 (3 queries)
    GPU Energy:       3.17 J  (avg 1.0553 J/query)
    CPU Energy:       0.00 J  (avg 0.0000 J/query)
    Total Energy:     3.17 J  (avg 1.0553 J/query)
    Avg Power:        69.3 W
    Avg GPU Util:     65.8 %
    Avg Latency:     15.48 ms
    Top queries by GPU energy:
                q6: 2.9505 J  (68W × 43.3ms)
                q3: 0.1446 J  (69W × 2.1ms)
                q1: 0.0708 J  (71W × 1.0ms)

  tpch SF=5 (20 queries)
    GPU Energy:      10.78 J  (avg 0.5392 J/query)
    CPU Energy:      57.90 J  (avg 2.8950 J/query)
    Total Energy:    68.68 J  (avg 3.4342 J/query)
    Avg Power:       131.0 W
    Avg GPU Util:     52.1 %
    Avg Latency:    216.45 ms
    Top queries by GPU energy:
                q1: 8.8485 J  (174W × 51.0ms)
                q3: 1.4959 J  (214W × 7.0ms)
                q6: 0.4395 J  (220W × 2.0ms)
                q2: 0.0000 J  (54W × 18.0ms)
                q4: 0.0000 J  (54W × 63.0ms)

  ==================================================================
  Engine: SIRIUS
  ==================================================================

  clickbench SF=10 (42 queries)
    GPU Energy:      42.00 J  (avg 1.0000 J/query)
    CPU Energy:    -171.51 J  (avg -4.0836 J/query)
    Total Energy:  -129.51 J  (avg -3.0836 J/query)
    Avg Power:       103.8 W
    Avg GPU Util:     36.4 %
    Avg Latency:      9.31 ms
    Top queries by GPU energy:
                q9: 9.2900 J  (119W × 78.0ms)
                q8: 9.1300 J  (120W × 76.0ms)
                q5: 4.0500 J  (92W × 44.0ms)
               q22: 3.1300 J  (196W × 16.0ms)
               q32: 1.6600 J  (72W × 23.0ms)

  clickbench SF=20 (42 queries)
    GPU Energy:      97.66 J  (avg 2.3252 J/query)
    CPU Energy:     -34.18 J  (avg -0.8138 J/query)
    Total Energy:    63.48 J  (avg 1.5114 J/query)
    Avg Power:       119.4 W
    Avg GPU Util:     45.4 %
    Avg Latency:     17.71 ms
    Top queries by GPU energy:
                q9: 25.0200 J  (153W × 164.0ms)
                q8: 24.7300 J  (153W × 162.0ms)
                q5: 8.1300 J  (113W × 72.0ms)
               q22: 6.3700 J  (205W × 31.0ms)
               q32: 5.4300 J  (92W × 59.0ms)

  h2o SF=1gb (10 queries)
    GPU Energy:       2.78 J  (avg 0.2780 J/query)
    CPU Energy:     -12.97 J  (avg -1.2970 J/query)
    Total Energy:   -10.19 J  (avg -1.0190 J/query)
    Avg Power:        57.7 W
    Avg GPU Util:      4.5 %
    Avg Latency:      4.70 ms
    Top queries by GPU energy:
                q9: 0.6900 J  (63W × 11.0ms)
               q10: 0.4300 J  (62W × 7.0ms)
                q8: 0.4100 J  (59W × 7.0ms)
                q3: 0.2300 J  (57W × 4.0ms)
                q5: 0.2300 J  (57W × 4.0ms)

  h2o SF=2gb (10 queries)
    GPU Energy:       5.18 J  (avg 0.5180 J/query)
    CPU Energy:       9.00 J  (avg 0.9000 J/query)
    Total Energy:    14.18 J  (avg 1.4180 J/query)
    Avg Power:        62.4 W
    Avg GPU Util:      5.7 %
    Avg Latency:      8.00 ms
    Top queries by GPU energy:
                q9: 1.3500 J  (71W × 19.0ms)
               q10: 0.8300 J  (69W × 12.0ms)
                q8: 0.7100 J  (65W × 11.0ms)
                q3: 0.4300 J  (62W × 7.0ms)
                q5: 0.4300 J  (61W × 7.0ms)

  h2o SF=3gb (8 queries)
    GPU Energy:      61.82 J  (avg 7.7275 J/query)
    CPU Energy:      70.39 J  (avg 8.7988 J/query)
    Total Energy:   132.21 J  (avg 16.5263 J/query)
    Avg Power:        92.1 W
    Avg GPU Util:     25.2 %
    Avg Latency:     77.25 ms
    Top queries by GPU energy:
                q7: 23.1500 J  (105W × 221.0ms)
                q3: 22.1200 J  (101W × 219.0ms)
                q6: 5.5000 J  (106W × 52.0ms)
                q2: 3.0400 J  (95W × 32.0ms)
                q8: 3.0300 J  (98W × 31.0ms)

  h2o SF=4gb (3 queries)
    GPU Energy:       7.99 J  (avg 2.6633 J/query)
    CPU Energy:      10.18 J  (avg 3.3933 J/query)
    Total Energy:    18.17 J  (avg 6.0567 J/query)
    Avg Power:        85.6 W
    Avg GPU Util:     19.4 %
    Avg Latency:     29.67 ms
    Top queries by GPU energy:
                q2: 4.4600 J  (104W × 43.0ms)
                q1: 1.9000 J  (79W × 24.0ms)
                q4: 1.6300 J  (74W × 22.0ms)

  tpch SF=1 (22 queries)
    GPU Energy:       3.72 J  (avg 0.1691 J/query)
    CPU Energy:       2.49 J  (avg 0.1132 J/query)
    Total Energy:     6.21 J  (avg 0.2823 J/query)
    Avg Power:        80.7 W
    Avg GPU Util:     24.6 %
    Avg Latency:      2.14 ms
    Top queries by GPU energy:
               q18: 0.5000 J  (124W × 4.0ms)
               q21: 0.2800 J  (94W × 3.0ms)
               q09: 0.2700 J  (89W × 3.0ms)
               q02: 0.2500 J  (62W × 4.0ms)
               q07: 0.2100 J  (70W × 3.0ms)

  tpch SF=10 (21 queries)
    GPU Energy:      22.47 J  (avg 1.0700 J/query)
    CPU Energy:      18.37 J  (avg 0.8748 J/query)
    Total Energy:    40.84 J  (avg 1.9448 J/query)
    Avg Power:       144.7 W
    Avg GPU Util:     56.2 %
    Avg Latency:      7.67 ms
    Top queries by GPU energy:
               q18: 5.3500 J  (184W × 29.0ms)
               q13: 2.4400 J  (72W × 34.0ms)
               q21: 1.9700 J  (164W × 12.0ms)
               q06: 1.7800 J  (178W × 10.0ms)
               q12: 1.1500 J  (165W × 7.0ms)

  tpch SF=2 (22 queries)
    GPU Energy:       5.90 J  (avg 0.2682 J/query)
    CPU Energy:     -12.00 J  (avg -0.5455 J/query)
    Total Energy:    -6.10 J  (avg -0.2773 J/query)
    Avg Power:        97.0 W
    Avg GPU Util:     32.5 %
    Avg Latency:      2.82 ms
    Top queries by GPU energy:
               q18: 1.0500 J  (150W × 7.0ms)
               q21: 0.4500 J  (114W × 4.0ms)
               q13: 0.3900 J  (56W × 7.0ms)
               q02: 0.3400 J  (68W × 5.0ms)
               q09: 0.3400 J  (114W × 3.0ms)

  tpch SF=5 (22 queries)
    GPU Energy:      11.77 J  (avg 0.5350 J/query)
    CPU Energy:       4.97 J  (avg 0.2259 J/query)
    Total Energy:    16.74 J  (avg 0.7609 J/query)
    Avg Power:       124.5 W
    Avg GPU Util:     46.2 %
    Avg Latency:      4.32 ms
    Top queries by GPU energy:
               q18: 2.6000 J  (173W × 15.0ms)
               q21: 1.0300 J  (147W × 7.0ms)
               q13: 0.9300 J  (62W × 15.0ms)
               q06: 0.8700 J  (174W × 5.0ms)
               q09: 0.5800 J  (146W × 4.0ms)

  ==================================================================
  GRAND TOTAL (380 queries)
    GPU Energy:     727.91 J
    CPU Energy:    1336.54 J
    Total Energy:  2064.45 J
  ==================================================================

  Output CSV: /workspace/gpu_db/results/energy_summary.csv (396 rows)
