  [HW] GPU #0: NVIDIA A100 80GB PCIe, low SM clock=210MHz
  [HW] CPU: acpi-cpufreq, low=1800000kHz, max=4000000kHz

======================================================================
  FREQUENCY SWEEP — ALL BENCHMARKS
  Configs: baseline, cpu_low, gpu_low, both_low
  Benchmarks: tpch, h2o
  Target time: 10s per query
  Resume: True
  Started: 2026-03-11 08:14:17.817156
======================================================================


  SKIP baseline: already has 10 result files

  SKIP cpu_low: already has 10 result files

  SKIP gpu_low: already has 14 result files

  SKIP both_low: already has 15 result files
[hw_detect] WARNING: reset GPU clocks failed: 
  [FREQ] Restored defaults

======================================================================
  FREQUENCY SWEEP COMPLETE
  Total time: 0:00:00
  Results: /workspace/gpu_db/results/freq_sweep/
  Finished: 2026-03-11 08:14:18.105049
======================================================================

  Aggregating results...
Traceback (most recent call last):
  File "/workspace/gpu_db/benchmarks/scripts/run_freq_sweep.py", line 265, in <module>
    main()
  File "/workspace/gpu_db/benchmarks/scripts/run_freq_sweep.py", line 258, in main
    w.writerows(all_rows)
  File "/usr/lib/python3.12/csv.py", line 167, in writerows
    return self.writer.writerows(map(self._dict_to_list, rowdicts))
           ^^^^^^^^^^^^^^^^^^^^^^^^^^^^^^^^^^^^^^^^^^^^^^^^^^^^^^^^
  File "/usr/lib/python3.12/csv.py", line 159, in _dict_to_list
    raise ValueError("dict contains fields not in fieldnames: "
ValueError: dict contains fields not in fieldnames: 'gpu_energy_j', 'min_s', 'avg_s'
