
============================================================
  TPCH SF=1 (3 queries, 3 reps)
============================================================
  q1: min=11.754ms avg=132.2ms [OK]
  q3: min=2.497ms avg=6.3ms [OK]
  q6: min=0.901ms avg=1.7ms [OK]
  --- 3/3 OK

============================================================
  TPCH SF=5 (3 queries, 3 reps)
============================================================
  q1: min=51.112ms avg=64.3ms [OK]
  q3: min=7.322ms avg=14.2ms [OK]
  q6: min=2.727ms avg=3.5ms [OK]
  --- 3/3 OK

============================================================
  TPCH SF=10 (3 queries, 3 reps)
============================================================
  q1: min=102.117ms avg=112.2ms [OK]
  q3: min=13.173ms avg=20.4ms [OK]
  q6: min=5.033ms avg=5.8ms [OK]
  --- 3/3 OK

============================================================
  TPCH SF=20 (3 queries, 3 reps)
============================================================
  Full batch incomplete (0/3), retrying...
  q1: NO DATA [FAIL]
  q3: NO DATA [FAIL]
  q6: NO DATA [FAIL]
  --- 0/3 OK

============================================================
  H2O SF=1gb (3 queries, 3 reps)
============================================================
  q1: min=14.562ms avg=32.5ms [OK]
  q3: min=280.385ms avg=286.7ms [OK]
  q5: min=9.856ms avg=10.5ms [OK]
  --- 3/3 OK

============================================================
  H2O SF=2gb (3 queries, 3 reps)
============================================================
  q1: min=28.395ms avg=40.1ms [OK]
  q3: min=246.573ms avg=252.8ms [OK]
  q5: min=18.794ms avg=19.3ms [OK]
  --- 3/3 OK

============================================================
  H2O SF=3gb (3 queries, 3 reps)
============================================================
  q1: min=42.432ms avg=51.9ms [OK]
  q3: min=275.552ms avg=281.8ms [OK]
  q5: min=27.761ms avg=28.4ms [OK]
  --- 3/3 OK

============================================================
  H2O SF=4gb (3 queries, 3 reps)
============================================================
  q1: min=56.168ms avg=66.2ms [OK]
  q3: min=300.251ms avg=430.0ms [OK]
  q5: min=36.827ms avg=37.3ms [OK]
  --- 3/3 OK

============================================================
  CLICKBENCH SF=1 (3 queries, 3 reps)
============================================================
  q1: min=0.413ms avg=3.2ms [OK]
  q6: min=0.817ms avg=2.3ms [OK]
  q20: min=19.084ms avg=129.3ms [OK]
  --- 3/3 OK

============================================================
  CLICKBENCH SF=5 (3 queries, 3 reps)
============================================================
  q1: min=0.494ms avg=3.2ms [OK]
  q6: min=3.298ms avg=4.8ms [OK]
  q20: min=61.8ms avg=62.3ms [OK]
  --- 3/3 OK

============================================================
  CLICKBENCH SF=10 (3 queries, 3 reps)
============================================================
  q1: min=0.566ms avg=3.3ms [OK]
  q6: min=6.871ms avg=8.5ms [OK]
  q20: min=107.855ms avg=108.3ms [OK]
  --- 3/3 OK

============================================================
  CLICKBENCH SF=20 (3 queries, 3 reps)
============================================================
  q1: min=0.866ms avg=5.0ms [OK]
  q6: min=13.383ms avg=15.7ms [OK]
  q20: min=186.454ms avg=187.1ms [OK]
  --- 3/3 OK

============================================================
  MICROBENCH_TPCH SF=1 (3 queries, 3 reps)
============================================================
  w1_002: min=0.813ms avg=79.3ms [OK]
  w3_001: min=0.371ms avg=7.8ms [OK]
  w5a_029: min=1.803ms avg=4.6ms [OK]
  --- 3/3 OK

============================================================
  MICROBENCH_TPCH SF=5 (3 queries, 3 reps)
============================================================
  w1_002: min=2.684ms avg=4.0ms [OK]
  w3_001: min=0.739ms avg=7.6ms [OK]
  w5a_029: min=7.334ms avg=10.1ms [OK]
  --- 3/3 OK

============================================================
  MICROBENCH_TPCH SF=10 (3 queries, 3 reps)
============================================================
  w1_002: min=5.04ms avg=6.4ms [OK]
  w3_001: min=1.14ms avg=8.5ms [OK]
  w5a_029: min=15.076ms avg=17.8ms [OK]
  --- 3/3 OK

============================================================
  MICROBENCH_TPCH SF=20 (3 queries, 3 reps)
============================================================
  w1_002: min=9.668ms avg=11.1ms [OK]
  w3_001: min=1.928ms avg=11.9ms [OK]
  w5a_029: min=31.404ms avg=34.9ms [OK]
  --- 3/3 OK

============================================================
  MICROBENCH_H2O SF=1gb (3 queries, 3 reps)
============================================================
  w1_001: min=0.306ms avg=133.2ms [OK]
  w3_016: min=14.371ms avg=19.9ms [OK]
  w6_022: min=35.292ms avg=37.4ms [OK]
  --- 3/3 OK

============================================================
  MICROBENCH_H2O SF=2gb (3 queries, 3 reps)
============================================================
  w1_001: min=0.311ms avg=0.9ms [OK]
  w3_016: min=28.276ms avg=34.6ms [OK]
  w6_022: min=71.426ms avg=73.4ms [OK]
  --- 3/3 OK

============================================================
  MICROBENCH_H2O SF=3gb (3 queries, 3 reps)
============================================================
  w1_001: min=0.328ms avg=0.9ms [OK]
  w3_016: min=42.197ms avg=48.6ms [OK]
  w6_022: min=106.703ms avg=109.2ms [OK]
  --- 3/3 OK

============================================================
  MICROBENCH_H2O SF=4gb (3 queries, 3 reps)
============================================================
  w1_001: min=0.428ms avg=1.2ms [OK]
  w3_016: min=55.962ms avg=61.9ms [OK]
  w6_022: min=142.56ms avg=144.6ms [OK]
  --- 3/3 OK

============================================================
  MICROBENCH_CLICKBENCH SF=1 (3 queries, 3 reps)
============================================================
  w1_001: min=0.329ms avg=0.9ms [OK]
  w3_011: min=0.336ms avg=6.2ms [OK]
  w6_016: min=0.4ms avg=2.3ms [OK]
  --- 3/3 OK

============================================================
  MICROBENCH_CLICKBENCH SF=5 (3 queries, 3 reps)
============================================================
  w1_001: min=0.335ms avg=0.9ms [OK]
  w3_011: min=0.84ms avg=9.3ms [OK]
  w6_016: min=1.074ms avg=3.0ms [OK]
  --- 3/3 OK

============================================================
  MICROBENCH_CLICKBENCH SF=10 (3 queries, 3 reps)
============================================================
  w1_001: min=0.415ms avg=0.9ms [OK]
  w3_011: min=1.498ms avg=8.5ms [OK]
  w6_016: min=1.996ms avg=3.9ms [OK]
  --- 3/3 OK

============================================================
  MICROBENCH_CLICKBENCH SF=20 (3 queries, 3 reps)
============================================================
  w1_001: min=0.342ms avg=0.9ms [OK]
  w3_011: min=2.747ms avg=7.1ms [OK]
  w6_016: min=3.824ms avg=8.3ms [OK]
  --- 3/3 OK

============================================================
  DONE (157s = 2.6min)
  Results: /workspace/gpu_db/results/maximus_benchmark.csv
============================================================
  TPCH: 9/12 OK
    SF=1: 3/3 OK
    SF=5: 3/3 OK
    SF=10: 3/3 OK
    SF=20: 0/3 OK  FAIL: q1, q3, q6
  H2O: 12/12 OK
    SF=1gb: 3/3 OK
    SF=2gb: 3/3 OK
    SF=3gb: 3/3 OK
    SF=4gb: 3/3 OK
  CLICKBENCH: 12/12 OK
    SF=1: 3/3 OK
    SF=5: 3/3 OK
    SF=10: 3/3 OK
    SF=20: 3/3 OK
  MICROBENCH_TPCH: 12/12 OK
    SF=1: 3/3 OK
    SF=5: 3/3 OK
    SF=10: 3/3 OK
    SF=20: 3/3 OK
  MICROBENCH_H2O: 12/12 OK
    SF=1gb: 3/3 OK
    SF=2gb: 3/3 OK
    SF=3gb: 3/3 OK
    SF=4gb: 3/3 OK
  MICROBENCH_CLICKBENCH: 12/12 OK
    SF=1: 3/3 OK
    SF=5: 3/3 OK
    SF=10: 3/3 OK
    SF=20: 3/3 OK
