======================================================================
  MAXIMUS DATA-ON-CPU BENCHMARK (-s cpu)
  Started: 2026-03-13 22:19:26.057145
======================================================================

======================================================================
  TPCH SF=1 (3 queries, -s cpu)
======================================================================

--- Timing (3 reps, -s cpu) ---
  q1: min=38.715ms avg=49.5ms [OK]
  q3: min=21.276ms avg=22.2ms [OK]
  q6: min=22.579ms avg=130.4ms [OK]
  --- 3/3 OK

======================================================================
  TPCH SF=5 (3 queries, -s cpu)
======================================================================

--- Timing (3 reps, -s cpu) ---
  q1: min=185.745ms avg=205.0ms [OK]
  q3: min=110.149ms avg=147.0ms [OK]
  q6: min=77.461ms avg=79.8ms [OK]
  --- 3/3 OK

======================================================================
  TPCH SF=10 (3 queries, -s cpu)
======================================================================

--- Timing (3 reps, -s cpu) ---
  q1: min=363.035ms avg=474.5ms [OK]
  q3: min=201.656ms avg=269.9ms [OK]
  q6: min=153.707ms avg=155.1ms [OK]
  --- 3/3 OK

======================================================================
  TPCH SF=20 (3 queries, -s cpu)
======================================================================

--- Timing (3 reps, -s cpu) ---
  q1: min=711.248ms avg=1086.8ms [OK]
  q3: min=397.378ms avg=602.7ms [OK]
  q6: min=474.551ms avg=558.9ms [OK]
  --- 3/3 OK

======================================================================
  H2O SF=1gb (3 queries, -s cpu)
======================================================================

--- Timing (3 reps, -s cpu) ---
  q1: min=76.758ms avg=88.8ms [OK]
  q3: min=328.749ms avg=365.7ms [OK]
  q5: min=92.417ms avg=94.0ms [OK]
  --- 3/3 OK

======================================================================
  H2O SF=2gb (3 queries, -s cpu)
======================================================================

--- Timing (3 reps, -s cpu) ---
  q1: min=156.539ms avg=166.0ms [OK]
  q3: min=490.188ms avg=738.2ms [OK]
  q5: min=179.649ms avg=182.2ms [OK]
  --- 3/3 OK

======================================================================
  H2O SF=3gb (3 queries, -s cpu)
======================================================================

--- Timing (3 reps, -s cpu) ---
  q1: min=227.559ms avg=235.3ms [OK]
  q3: min=605.557ms avg=639.6ms [OK]
  q5: min=259.804ms avg=263.6ms [OK]
  --- 3/3 OK

======================================================================
  H2O SF=4gb (3 queries, -s cpu)
======================================================================

--- Timing (3 reps, -s cpu) ---
  q1: min=311.367ms avg=339.7ms [OK]
  q3: min=901.62ms avg=1040.9ms [OK]
  q5: min=368.371ms avg=370.0ms [OK]
  --- 3/3 OK

======================================================================
  CLICKBENCH SF=1 (3 queries, -s cpu)
======================================================================

--- Timing (3 reps, -s cpu) ---
  Batch incomplete (0/3), retrying...
  q1: NO DATA [FAIL]
  q6: NO DATA [FAIL]
  q20: NO DATA [FAIL]
  --- 0/3 OK

======================================================================
  CLICKBENCH SF=5 (3 queries, -s cpu)
======================================================================

--- Timing (3 reps, -s cpu) ---
  Batch incomplete (0/3), retrying...
  q1: NO DATA [FAIL]
  q6: NO DATA [FAIL]
  q20: NO DATA [FAIL]
  --- 0/3 OK

======================================================================
  CLICKBENCH SF=10 (3 queries, -s cpu)
======================================================================

--- Timing (3 reps, -s cpu) ---
  Batch incomplete (0/3), retrying...
  q1: NO DATA [FAIL]
  q6: NO DATA [FAIL]
  q20: NO DATA [FAIL]
  --- 0/3 OK

======================================================================
  CLICKBENCH SF=20 (3 queries, -s cpu)
======================================================================

--- Timing (3 reps, -s cpu) ---
  Batch incomplete (0/3), retrying...
  q1: NO DATA [FAIL]
  q6: NO DATA [FAIL]
  q20: NO DATA [FAIL]
  --- 0/3 OK

======================================================================
  MICROBENCH_TPCH SF=1 (3 queries, -s cpu)
======================================================================

--- Timing (3 reps, -s cpu) ---
  w1_002: min=2.115ms avg=64.1ms [OK]
  w3_001: min=0.911ms avg=8.9ms [OK]
  w5a_029: min=4.964ms avg=8.0ms [OK]
  --- 3/3 OK

======================================================================
  MICROBENCH_TPCH SF=5 (3 queries, -s cpu)
======================================================================

--- Timing (3 reps, -s cpu) ---
  w1_002: min=9.587ms avg=227.8ms [OK]
  w3_001: min=2.417ms avg=10.1ms [OK]
  w5a_029: min=21.057ms avg=23.7ms [OK]
  --- 3/3 OK

======================================================================
  MICROBENCH_TPCH SF=10 (3 queries, -s cpu)
======================================================================

--- Timing (3 reps, -s cpu) ---
  w1_002: min=20.591ms avg=100.2ms [OK]
  w3_001: min=4.339ms avg=29.2ms [OK]
  w5a_029: min=50.204ms avg=52.8ms [OK]
  --- 3/3 OK

======================================================================
  MICROBENCH_TPCH SF=20 (3 queries, -s cpu)
======================================================================

--- Timing (3 reps, -s cpu) ---
  w1_002: min=40.271ms avg=120.7ms [OK]
  w3_001: min=8.0ms avg=17.9ms [OK]
  w5a_029: min=98.812ms avg=101.9ms [OK]
  --- 3/3 OK

======================================================================
  MICROBENCH_H2O SF=1gb (3 queries, -s cpu)
======================================================================

--- Timing (3 reps, -s cpu) ---
  w1_001: min=16.876ms avg=149.4ms [OK]
  w3_016: min=78.637ms avg=86.7ms [OK]
  w6_022: min=114.357ms avg=117.7ms [OK]
  --- 3/3 OK

======================================================================
  MICROBENCH_H2O SF=2gb (3 queries, -s cpu)
======================================================================

--- Timing (3 reps, -s cpu) ---
  w1_001: min=31.641ms avg=279.1ms [OK]
  w3_016: min=152.26ms avg=175.4ms [OK]
  w6_022: min=219.154ms avg=225.8ms [OK]
  --- 3/3 OK

======================================================================
  MICROBENCH_H2O SF=3gb (3 queries, -s cpu)
======================================================================

--- Timing (3 reps, -s cpu) ---
  w1_001: min=49.555ms avg=50.3ms [OK]
  w3_016: min=227.616ms avg=244.6ms [OK]
  w6_022: min=338.587ms avg=343.8ms [OK]
  --- 3/3 OK

======================================================================
  MICROBENCH_H2O SF=4gb (3 queries, -s cpu)
======================================================================

--- Timing (3 reps, -s cpu) ---
  w1_001: min=64.802ms avg=248.4ms [OK]
  w3_016: min=303.621ms avg=352.3ms [OK]
  w6_022: min=442.052ms avg=563.8ms [OK]
  --- 3/3 OK

======================================================================
  MICROBENCH_CLICKBENCH SF=1 (3 queries, -s cpu)
======================================================================

--- Timing (3 reps, -s cpu) ---
  Batch incomplete (0/3), retrying...
  w1_001: NO DATA [FAIL]
  w3_011: NO DATA [FAIL]
  w6_016: NO DATA [FAIL]
  --- 0/3 OK

======================================================================
  MICROBENCH_CLICKBENCH SF=5 (3 queries, -s cpu)
======================================================================

--- Timing (3 reps, -s cpu) ---
  Batch incomplete (0/3), retrying...
  w1_001: NO DATA [FAIL]
  w3_011: NO DATA [FAIL]
  w6_016: NO DATA [FAIL]
  --- 0/3 OK

======================================================================
  MICROBENCH_CLICKBENCH SF=10 (3 queries, -s cpu)
======================================================================

--- Timing (3 reps, -s cpu) ---
  Batch incomplete (0/3), retrying...
  w1_001: NO DATA [FAIL]
  w3_011: NO DATA [FAIL]
  w6_016: NO DATA [FAIL]
  --- 0/3 OK

======================================================================
  MICROBENCH_CLICKBENCH SF=20 (3 queries, -s cpu)
======================================================================

--- Timing (3 reps, -s cpu) ---
  Batch incomplete (0/3), retrying...
  w1_001: NO DATA [FAIL]
  w3_011: NO DATA [FAIL]
  w6_016: NO DATA [FAIL]
  --- 0/3 OK

======================================================================
  DONE (1107s = 18.4min)
  Timing: /workspace/gpu_db/results/maximus_cpu_data_timing.csv
======================================================================
