================================================================================
  BENCHMARK VERIFICATION REPORT
  New results:  /workspace/gpu_db/results/logs_20260313_213223
  Baseline:     /workspace/gpu_db/results/baseline
  Threshold:    ±20.0%
================================================================================

================================================================================
  LATENCY COMPARISON (min_ms)
================================================================================

  MAXIMUS (cpu) H2O SF=1gb
  Query              New      Base     Diff  Status
  -----------  --------- --------- --------  ------------
  q1               76.8ms     70.0ms    +9.7%
  q3              328.7ms    276.0ms   +19.1%
  q5               92.4ms    100.0ms    -7.6%

  MAXIMUS (cpu) H2O SF=2gb
  Query              New      Base     Diff  Status
  -----------  --------- --------- --------  ------------
  q1              156.5ms    146.0ms    +7.2%
  q3              490.2ms    390.0ms   +25.7% ⚠ WARN
  q5              179.6ms    171.0ms    +5.1%

  MAXIMUS (cpu) H2O SF=3gb
  Query              New      Base     Diff  Status
  -----------  --------- --------- --------  ------------
  q1              227.6ms    222.0ms    +2.5%
  q3              605.6ms    542.0ms   +11.7%
  q5              259.8ms    291.0ms   -10.7%

  MAXIMUS (cpu) H2O SF=4gb
  Query              New      Base     Diff  Status
  -----------  --------- --------- --------  ------------
  q1              311.4ms    283.0ms   +10.0%
  q3              901.6ms    851.0ms    +5.9%
  q5              368.4ms    344.0ms    +7.1%

  MAXIMUS (cpu) MICROBENCH_H2O SF=1gb
  Query              New      Base     Diff  Status
  -----------  --------- --------- --------  ------------
  w1_001           16.9ms     43.0ms   -60.8% ⚠ WARN
  w3_016           78.6ms     83.0ms    -5.3%
  w6_022          114.4ms    109.0ms    +4.9%

  MAXIMUS (cpu) MICROBENCH_H2O SF=2gb
  Query              New      Base     Diff  Status
  -----------  --------- --------- --------  ------------
  w1_001           31.6ms     30.0ms    +5.5%
  w3_016          152.3ms    142.0ms    +7.2%
  w6_022          219.2ms    219.0ms    +0.1%

  MAXIMUS (cpu) MICROBENCH_H2O SF=3gb
  Query              New      Base     Diff  Status
  -----------  --------- --------- --------  ------------
  w1_001           49.6ms     50.0ms    -0.9%
  w3_016          227.6ms    220.0ms    +3.5%
  w6_022          338.6ms    348.0ms    -2.7%

  MAXIMUS (cpu) MICROBENCH_H2O SF=4gb
  Query              New      Base     Diff  Status
  -----------  --------- --------- --------  ------------
  w1_001           64.8ms     57.0ms   +13.7%
  w3_016          303.6ms    274.0ms   +10.8%
  w6_022          442.1ms    404.0ms    +9.4%

  MAXIMUS (cpu) MICROBENCH_TPCH SF=1
  Query              New      Base     Diff  Status
  -----------  --------- --------- --------  ------------
  w1_002            2.1ms      1.0ms  +111.5% ⚠ WARN
  w3_001            0.9ms      0.0ms    +inf% ⚠ WARN
  w5a_029           5.0ms      4.0ms   +24.1% ⚠ WARN

  MAXIMUS (cpu) MICROBENCH_TPCH SF=10
  Query              New      Base     Diff  Status
  -----------  --------- --------- --------  ------------
  w1_002           20.6ms     27.0ms   -23.7% ⚠ WARN
  w3_001            4.3ms      3.0ms   +44.6% ⚠ WARN
  w5a_029          50.2ms     54.0ms    -7.0%

  MAXIMUS (cpu) MICROBENCH_TPCH SF=20
  Query              New      Base     Diff  Status
  -----------  --------- --------- --------  ------------
  w1_002           40.3ms     36.0ms   +11.9%
  w3_001            8.0ms      6.0ms   +33.3% ⚠ WARN
  w5a_029          98.8ms     91.0ms    +8.6%

  MAXIMUS (cpu) MICROBENCH_TPCH SF=5
  Query              New      Base     Diff  Status
  -----------  --------- --------- --------  ------------
  w1_002            9.6ms      6.0ms   +59.8% ⚠ WARN
  w3_001            2.4ms      2.0ms   +20.8% ⚠ WARN
  w5a_029          21.1ms     16.0ms   +31.6% ⚠ WARN

  MAXIMUS (cpu) TPCH SF=1
  Query              New      Base     Diff  Status
  -----------  --------- --------- --------  ------------
  q1               38.7ms     30.0ms   +29.1% ⚠ WARN
  q3               21.3ms     16.0ms   +33.0% ⚠ WARN
  q6               22.6ms     11.0ms  +105.3% ⚠ WARN

  MAXIMUS (cpu) TPCH SF=10
  Query              New      Base     Diff  Status
  -----------  --------- --------- --------  ------------
  q1              363.0ms    738.0ms   -50.8% ⚠ WARN
  q3              201.7ms    131.0ms   +53.9% ⚠ WARN
  q6              153.7ms    106.0ms   +45.0% ⚠ WARN

  MAXIMUS (cpu) TPCH SF=20
  Query              New      Base     Diff  Status
  -----------  --------- --------- --------  ------------
  q1              711.2ms    530.0ms   +34.2% ⚠ WARN
  q3              397.4ms    259.0ms   +53.4% ⚠ WARN
  q6              474.6ms    198.0ms  +139.7% ⚠ WARN

  MAXIMUS (cpu) TPCH SF=5
  Query              New      Base     Diff  Status
  -----------  --------- --------- --------  ------------
  q1              185.7ms    142.0ms   +30.8% ⚠ WARN
  q3              110.1ms     72.0ms   +53.0% ⚠ WARN
  q6               77.5ms     51.0ms   +51.9% ⚠ WARN

  MAXIMUS (gpu) CLICKBENCH SF=1
  Query              New      Base     Diff  Status
  -----------  --------- --------- --------  ------------
  q1                0.4ms      0.0ms    +inf% ⚠ WARN
  q20              19.1ms     18.0ms    +6.0%
  q6                0.8ms      0.0ms    +inf% ⚠ WARN

  MAXIMUS (gpu) CLICKBENCH SF=10
  Query              New      Base     Diff  Status
  -----------  --------- --------- --------  ------------
  q1                0.6ms      0.0ms    +inf% ⚠ WARN
  q20             107.9ms    107.0ms    +0.8%
  q6                6.9ms      6.0ms   +14.5%

  MAXIMUS (gpu) CLICKBENCH SF=20
  Query              New      Base     Diff  Status
  -----------  --------- --------- --------  ------------
  q1                0.9ms      0.0ms    +inf% ⚠ WARN
  q20             186.5ms    185.0ms    +0.8%
  q6               13.4ms     13.0ms    +2.9%

  MAXIMUS (gpu) CLICKBENCH SF=5
  Query              New      Base     Diff  Status
  -----------  --------- --------- --------  ------------
  q1                0.5ms      0.0ms    +inf% ⚠ WARN
  q20              61.8ms     61.0ms    +1.3%
  q6                3.3ms      3.0ms    +9.9%

  MAXIMUS (gpu) H2O SF=1gb
  Query              New      Base     Diff  Status
  -----------  --------- --------- --------  ------------
  q1               14.6ms     14.0ms    +4.0%
  q3              280.4ms    113.0ms  +148.1% ⚠ WARN
  q5                9.9ms      9.0ms    +9.5%

  MAXIMUS (gpu) H2O SF=2gb
  Query              New      Base     Diff  Status
  -----------  --------- --------- --------  ------------
  q1               28.4ms     28.0ms    +1.4%
  q3              246.6ms    141.0ms   +74.9% ⚠ WARN
  q5               18.8ms     18.0ms    +4.4%

  MAXIMUS (gpu) H2O SF=3gb
  Query              New      Base     Diff  Status
  -----------  --------- --------- --------  ------------
  q1               42.4ms     41.0ms    +3.5%
  q3              275.6ms    178.0ms   +54.8% ⚠ WARN
  q5               27.8ms     28.0ms    -0.9%

  MAXIMUS (gpu) H2O SF=4gb
  Query              New      Base     Diff  Status
  -----------  --------- --------- --------  ------------
  q1               56.2ms     55.0ms    +2.1%
  q3              300.3ms    204.0ms   +47.2% ⚠ WARN
  q5               36.8ms     36.0ms    +2.3%

  MAXIMUS (gpu) MICROBENCH_CLICKBENCH SF=1
  Query              New      Base     Diff  Status
  -----------  --------- --------- --------  ------------
  w1_001            0.3ms      0.0ms    +inf% ⚠ WARN
  w3_011            0.3ms      0.0ms    +inf% ⚠ WARN
  w6_016            0.4ms      0.0ms    +inf% ⚠ WARN

  MAXIMUS (gpu) MICROBENCH_CLICKBENCH SF=10
  Query              New      Base     Diff  Status
  -----------  --------- --------- --------  ------------
  w1_001            0.4ms      0.0ms    +inf% ⚠ WARN
  w3_011            1.5ms      1.0ms   +49.8% ⚠ WARN
  w6_016            2.0ms      1.0ms   +99.6% ⚠ WARN

  MAXIMUS (gpu) MICROBENCH_CLICKBENCH SF=20
  Query              New      Base     Diff  Status
  -----------  --------- --------- --------  ------------
  w1_001            0.3ms      0.0ms    +inf% ⚠ WARN
  w3_011            2.7ms      2.0ms   +37.3% ⚠ WARN
  w6_016            3.8ms      3.0ms   +27.5% ⚠ WARN

  MAXIMUS (gpu) MICROBENCH_CLICKBENCH SF=5
  Query              New      Base     Diff  Status
  -----------  --------- --------- --------  ------------
  w1_001            0.3ms      0.0ms    +inf% ⚠ WARN
  w3_011            0.8ms      0.0ms    +inf% ⚠ WARN
  w6_016            1.1ms      1.0ms    +7.4%

  MAXIMUS (gpu) MICROBENCH_H2O SF=1gb
  Query              New      Base     Diff  Status
  -----------  --------- --------- --------  ------------
  w1_001            0.3ms      0.0ms    +inf% ⚠ WARN
  w3_016           14.4ms     14.0ms    +2.7%
  w6_022           35.3ms     35.0ms    +0.8%

  MAXIMUS (gpu) MICROBENCH_H2O SF=2gb
  Query              New      Base     Diff  Status
  -----------  --------- --------- --------  ------------
  w1_001            0.3ms      0.0ms    +inf% ⚠ WARN
  w3_016           28.3ms     28.0ms    +1.0%
  w6_022           71.4ms     70.0ms    +2.0%

  MAXIMUS (gpu) MICROBENCH_H2O SF=3gb
  Query              New      Base     Diff  Status
  -----------  --------- --------- --------  ------------
  w1_001            0.3ms      0.0ms    +inf% ⚠ WARN
  w3_016           42.2ms     41.0ms    +2.9%
  w6_022          106.7ms    106.0ms    +0.7%

  MAXIMUS (gpu) MICROBENCH_H2O SF=4gb
  Query              New      Base     Diff  Status
  -----------  --------- --------- --------  ------------
  w1_001            0.4ms      0.0ms    +inf% ⚠ WARN
  w3_016           56.0ms     55.0ms    +1.7%
  w6_022          142.6ms    141.0ms    +1.1%

  MAXIMUS (gpu) MICROBENCH_TPCH SF=1
  Query              New      Base     Diff  Status
  -----------  --------- --------- --------  ------------
  w1_002            0.8ms      0.0ms    +inf% ⚠ WARN
  w3_001            0.4ms      0.0ms    +inf% ⚠ WARN
  w5a_029           1.8ms      1.0ms   +80.3% ⚠ WARN

  MAXIMUS (gpu) MICROBENCH_TPCH SF=10
  Query              New      Base     Diff  Status
  -----------  --------- --------- --------  ------------
  w1_002            5.0ms      5.0ms    +0.8%
  w3_001            1.1ms      1.0ms   +14.0%
  w5a_029          15.1ms     14.0ms    +7.7%

  MAXIMUS (gpu) MICROBENCH_TPCH SF=20
  Query              New      Base     Diff  Status
  -----------  --------- --------- --------  ------------
  w1_002            9.7ms      9.0ms    +7.4%
  w3_001            1.9ms      1.0ms   +92.8% ⚠ WARN
  w5a_029          31.4ms     31.0ms    +1.3%

  MAXIMUS (gpu) MICROBENCH_TPCH SF=5
  Query              New      Base     Diff  Status
  -----------  --------- --------- --------  ------------
  w1_002            2.7ms      2.0ms   +34.2% ⚠ WARN
  w3_001            0.7ms      0.0ms    +inf% ⚠ WARN
  w5a_029           7.3ms      7.0ms    +4.8%

  MAXIMUS (gpu) TPCH SF=1
  Query              New      Base     Diff  Status
  -----------  --------- --------- --------  ------------
  q1               11.8ms     11.0ms    +6.9%
  q3                2.5ms      2.0ms   +24.8% ⚠ WARN
  q6                0.9ms      1.0ms    -9.9%

  MAXIMUS (gpu) TPCH SF=10
  Query              New      Base     Diff  Status
  -----------  --------- --------- --------  ------------
  q1              102.1ms    103.0ms    -0.9%
  q3               13.2ms     13.0ms    +1.3%
  q6                5.0ms      5.0ms    +0.7%

  MAXIMUS (gpu) TPCH SF=5
  Query              New      Base     Diff  Status
  -----------  --------- --------- --------  ------------
  q1               51.1ms     52.0ms    -1.7%
  q3                7.3ms      7.0ms    +4.6%
  q6                2.7ms      2.0ms   +36.3% ⚠ WARN

================================================================================
  ENERGY COMPARISON (gpu_energy_j)
================================================================================

  MAXIMUS CLICKBENCH SF=1
  Query          NewE(J)  BaseE(J)     Diff  Status
  -----------  --------- --------- --------  ------------
  q1             0.7731J   5.9514J   -87.0% ⚠ WARN
  q20            5.2704J   3.2163J   +63.9% ⚠ WARN
  q6             0.8189J   0.7663J    +6.9%

  MAXIMUS CLICKBENCH SF=10
  Query          NewE(J)  BaseE(J)     Diff  Status
  -----------  --------- --------- --------  ------------
  q1             1.7599J  13.9478J   -87.4% ⚠ WARN
  q20           25.3783J  27.7481J    -8.5%
  q6            31.4260J   1.2041J +2509.9% ⚠ WARN

  MAXIMUS CLICKBENCH SF=20
  Query          NewE(J)  BaseE(J)     Diff  Status
  -----------  --------- --------- --------  ------------
  q1             1.3688J   8.8528J   -84.5% ⚠ WARN
  q20           41.5074J  39.4839J    +5.1%
  q6             3.0807J   2.4892J   +23.8% ⚠ WARN

  MAXIMUS CLICKBENCH SF=5
  Query          NewE(J)  BaseE(J)     Diff  Status
  -----------  --------- --------- --------  ------------
  q1             1.5807J   7.0506J   -77.6% ⚠ WARN
  q20           43.1454J  14.7634J  +192.2% ⚠ WARN
  q6             3.5606J   0.5815J  +512.3% ⚠ WARN

  MAXIMUS H2O SF=1gb
  Query          NewE(J)  BaseE(J)     Diff  Status
  -----------  --------- --------- --------  ------------
  q1             4.2949J   2.4130J   +78.0% ⚠ WARN
  q3            22.9996J  13.7025J   +67.8% ⚠ WARN
  q5             7.1752J   1.8802J  +281.6% ⚠ WARN

  MAXIMUS H2O SF=2gb
  Query          NewE(J)  BaseE(J)     Diff  Status
  -----------  --------- --------- --------  ------------
  q1             7.5059J   4.8437J   +55.0% ⚠ WARN
  q3            42.4464J  22.1844J   +91.3% ⚠ WARN
  q5             9.6839J   3.8343J  +152.6% ⚠ WARN

  MAXIMUS H2O SF=3gb
  Query          NewE(J)  BaseE(J)     Diff  Status
  -----------  --------- --------- --------  ------------
  q1            10.1518J   7.2062J   +40.9% ⚠ WARN
  q3            48.8507J  26.6726J   +83.1% ⚠ WARN
  q5             9.3470J   5.8008J   +61.1% ⚠ WARN

  MAXIMUS H2O SF=4gb
  Query          NewE(J)  BaseE(J)     Diff  Status
  -----------  --------- --------- --------  ------------
  q1            15.2585J   9.5220J   +60.2% ⚠ WARN
  q3            71.0332J  31.6301J  +124.6% ⚠ WARN
  q5           107.0663J   7.6247J +1304.2% ⚠ WARN

  MAXIMUS MICROBENCH_CLICKBENCH SF=1
  Query          NewE(J)  BaseE(J)     Diff  Status
  -----------  --------- --------- --------  ------------
  w1_001         0.2001J   5.4880J   -96.4% ⚠ WARN
  w3_011         2.0946J   5.0829J   -58.8% ⚠ WARN
  w6_016         2.3395J   5.2822J   -55.7% ⚠ WARN

  MAXIMUS MICROBENCH_CLICKBENCH SF=10
  Query          NewE(J)  BaseE(J)     Diff  Status
  -----------  --------- --------- --------  ------------
  w1_001         0.3098J  13.8361J   -97.8% ⚠ WARN
  w3_011         5.6738J   0.2355J +2309.3% ⚠ WARN
  w6_016         1.6405J   0.2438J  +572.9% ⚠ WARN

  MAXIMUS MICROBENCH_CLICKBENCH SF=20
  Query          NewE(J)  BaseE(J)     Diff  Status
  -----------  --------- --------- --------  ------------
  w1_001         0.4126J  15.9373J   -97.4% ⚠ WARN
  w3_011         5.0424J   0.4838J  +942.2% ⚠ WARN
  w6_016         3.9122J   0.7494J  +422.0% ⚠ WARN

  MAXIMUS MICROBENCH_CLICKBENCH SF=5
  Query          NewE(J)  BaseE(J)     Diff  Status
  -----------  --------- --------- --------  ------------
  w1_001         0.2622J   9.8926J   -97.3% ⚠ WARN
  w3_011         2.1761J   9.7443J   -77.7% ⚠ WARN
  w6_016         2.7193J   0.2313J +1075.7% ⚠ WARN

  MAXIMUS MICROBENCH_H2O SF=1gb
  Query          NewE(J)  BaseE(J)     Diff  Status
  -----------  --------- --------- --------  ------------
  w1_001        81.5731J   7.6414J  +967.5% ⚠ WARN
  w3_016         5.4301J   2.3842J  +127.8% ⚠ WARN
  w6_022         9.7475J   9.3327J    +4.4%

  MAXIMUS MICROBENCH_H2O SF=2gb
  Query          NewE(J)  BaseE(J)     Diff  Status
  -----------  --------- --------- --------  ------------
  w1_001         0.3973J  10.7261J   -96.3% ⚠ WARN
  w3_016         7.9182J   4.6366J   +70.8% ⚠ WARN
  w6_022        19.8601J  18.4237J    +7.8%

  MAXIMUS MICROBENCH_H2O SF=3gb
  Query          NewE(J)  BaseE(J)     Diff  Status
  -----------  --------- --------- --------  ------------
  w1_001         0.1609J  13.0274J   -98.8% ⚠ WARN
  w3_016        10.9411J   7.0584J   +55.0% ⚠ WARN
  w6_022        28.2084J  27.5397J    +2.4%

  MAXIMUS MICROBENCH_H2O SF=4gb
  Query          NewE(J)  BaseE(J)     Diff  Status
  -----------  --------- --------- --------  ------------
  w1_001         0.3751J  14.1854J   -97.4% ⚠ WARN
  w3_016        12.9362J   9.4552J   +36.8% ⚠ WARN
  w6_022        37.4543J  36.4441J    +2.8%

  MAXIMUS MICROBENCH_TPCH SF=1
  Query          NewE(J)  BaseE(J)     Diff  Status
  -----------  --------- --------- --------  ------------
  w1_002         0.4171J   6.5320J   -93.6% ⚠ WARN
  w3_001         3.2773J   4.1974J   -21.9% ⚠ WARN
  w5a_029       26.1334J   0.1761J +14740.1% ⚠ WARN

  MAXIMUS MICROBENCH_TPCH SF=10
  Query          NewE(J)  BaseE(J)     Diff  Status
  -----------  --------- --------- --------  ------------
  w1_002         1.5551J   0.8105J   +91.9% ⚠ WARN
  w3_001         3.6611J   0.1720J +2028.5% ⚠ WARN
  w5a_029        6.8892J   2.9538J  +133.2% ⚠ WARN

  MAXIMUS MICROBENCH_TPCH SF=20
  Query          NewE(J)  BaseE(J)     Diff  Status
  -----------  --------- --------- --------  ------------
  w1_002         2.2021J   1.3832J   +59.2% ⚠ WARN
  w3_001         3.9715J   0.1770J +2143.8% ⚠ WARN
  w5a_029        9.7557J   5.8033J   +68.1% ⚠ WARN

  MAXIMUS MICROBENCH_TPCH SF=5
  Query          NewE(J)  BaseE(J)     Diff  Status
  -----------  --------- --------- --------  ------------
  w1_002         0.5559J   0.3201J   +73.7% ⚠ WARN
  w3_001         2.7612J   6.1112J   -54.8% ⚠ WARN
  w5a_029        6.4317J   1.4166J  +354.0% ⚠ WARN

  MAXIMUS TPCH SF=1
  Query          NewE(J)  BaseE(J)     Diff  Status
  -----------  --------- --------- --------  ------------
  q1             5.4021J   1.9232J  +180.9% ⚠ WARN
  q3             3.9158J   0.3687J  +962.1% ⚠ WARN
  q6             1.0029J   0.1935J  +418.3% ⚠ WARN

  MAXIMUS TPCH SF=10
  Query          NewE(J)  BaseE(J)     Diff  Status
  -----------  --------- --------- --------  ------------
  q1            21.6407J  18.0758J   +19.7%
  q3             8.6378J   3.0673J  +181.6% ⚠ WARN
  q6             2.9270J   1.2007J  +143.8% ⚠ WARN

  MAXIMUS TPCH SF=5
  Query          NewE(J)  BaseE(J)     Diff  Status
  -----------  --------- --------- --------  ------------
  q1            14.4748J   9.1542J   +58.1% ⚠ WARN
  q3             9.7203J   1.5919J  +510.6% ⚠ WARN
  q6             2.5587J   0.4825J  +430.3% ⚠ WARN

  SIRIUS H2O SF=1gb
  Query          NewE(J)  BaseE(J)     Diff  Status
  -----------  --------- --------- --------  ------------
  q1             1.3000J   1.2000J    +8.3%
  q3            14.5000J  12.5000J   +16.0%
  q5             1.0000J   0.9000J   +11.1%

  SIRIUS H2O SF=2gb
  Query          NewE(J)  BaseE(J)     Diff  Status
  -----------  --------- --------- --------  ------------
  q1             2.7000J   2.6000J    +3.8%
  q3            17.3000J  16.6000J    +4.2%
  q5             2.0000J   1.9000J    +5.3%

  SIRIUS H2O SF=3gb
  Query          NewE(J)  BaseE(J)     Diff  Status
  -----------  --------- --------- --------  ------------
  q1             4.1000J   4.0000J    +2.5%
  q3            20.7000J  21.4000J    -3.3%
  q5             3.0000J   3.0000J    +0.0%

  SIRIUS H2O SF=4gb
  Query          NewE(J)  BaseE(J)     Diff  Status
  -----------  --------- --------- --------  ------------
  q1             5.8000J   5.7000J    +1.8%
  q3            32.1000J  23.7000J   +35.4% ⚠ WARN
  q5             4.1000J   4.2000J    -2.4%

  SIRIUS MICROBENCH_H2O SF=1gb
  Query          NewE(J)  BaseE(J)     Diff  Status
  -----------  --------- --------- --------  ------------
  w1_001         0.0000J       N/A      NEW
  w3_016         1.4000J       N/A      NEW
  w6_022         3.2000J       N/A      NEW

  SIRIUS MICROBENCH_H2O SF=2gb
  Query          NewE(J)  BaseE(J)     Diff  Status
  -----------  --------- --------- --------  ------------
  w1_001         0.0000J       N/A      NEW
  w3_016         2.6000J       N/A      NEW
  w6_022         7.4000J       N/A      NEW

  SIRIUS MICROBENCH_H2O SF=3gb
  Query          NewE(J)  BaseE(J)     Diff  Status
  -----------  --------- --------- --------  ------------
  w1_001         0.0000J       N/A      NEW
  w3_016         4.1000J       N/A      NEW
  w6_022        13.0000J       N/A      NEW

  SIRIUS MICROBENCH_H2O SF=4gb
  Query          NewE(J)  BaseE(J)     Diff  Status
  -----------  --------- --------- --------  ------------
  w1_001         0.0000J       N/A      NEW
  w3_016         5.6000J       N/A      NEW
  w6_022        20.5000J       N/A      NEW

  SIRIUS MICROBENCH_TPCH SF=1
  Query          NewE(J)  BaseE(J)     Diff  Status
  -----------  --------- --------- --------  ------------
  w1_002         0.1000J   0.0000J    +inf% ⚠ WARN
  w3_001         0.1000J   0.1000J    +0.0%
  w5a_029        0.7000J   0.2000J  +250.0% ⚠ WARN

  SIRIUS MICROBENCH_TPCH SF=10
  Query          NewE(J)  BaseE(J)     Diff  Status
  -----------  --------- --------- --------  ------------
  w1_002         0.1000J   0.0000J    +inf% ⚠ WARN
  w3_001         0.1000J   0.1000J    +0.0%
  w5a_029        1.5000J   1.2000J   +25.0% ⚠ WARN

  SIRIUS MICROBENCH_TPCH SF=20
  Query          NewE(J)  BaseE(J)     Diff  Status
  -----------  --------- --------- --------  ------------
  w1_002         0.0000J   0.1000J  -100.0% ⚠ WARN
  w3_001         0.1000J   0.1000J    +0.0%
  w5a_029        3.0000J   2.7000J   +11.1%

  SIRIUS MICROBENCH_TPCH SF=5
  Query          NewE(J)  BaseE(J)     Diff  Status
  -----------  --------- --------- --------  ------------
  w1_002         0.1000J   0.0000J    +inf% ⚠ WARN
  w3_001         0.1000J   0.1000J    +0.0%
  w5a_029        0.8000J   0.6000J   +33.3% ⚠ WARN

  SIRIUS TPCH SF=1
  Query          NewE(J)  BaseE(J)     Diff  Status
  -----------  --------- --------- --------  ------------
  q1             1.3000J   1.5000J   -13.3%
  q3             0.5000J   0.4000J   +25.0% ⚠ WARN
  q6             0.1000J   0.1000J    +0.0%

  SIRIUS TPCH SF=10
  Query          NewE(J)  BaseE(J)     Diff  Status
  -----------  --------- --------- --------  ------------
  q1            14.0000J  15.3000J    -8.5%
  q3             1.3000J   1.1000J   +18.2%
  q6             0.2000J   0.2000J    +0.0%

  SIRIUS TPCH SF=20
  Query          NewE(J)  BaseE(J)     Diff  Status
  -----------  --------- --------- --------  ------------
  q1            31.2000J  32.0000J    -2.5%
  q3             2.5000J   2.0000J   +25.0% ⚠ WARN
  q6             0.4000J   0.4000J    +0.0%

  SIRIUS TPCH SF=5
  Query          NewE(J)  BaseE(J)     Diff  Status
  -----------  --------- --------- --------  ------------
  q1             6.4000J   6.7000J    -4.5%
  q3             0.8000J   0.7000J   +14.3%
  q6             0.2000J   0.1000J  +100.0% ⚠ WARN

================================================================================
  SUMMARY
================================================================================
  Latency: 117 compared, 55 warnings (>20.0% diff), 0 new
  Energy:  105 compared, 72 warnings (>20.0% diff)

  ✗ 127 results exceed ±20.0% threshold
================================================================================

Report saved to: /workspace/gpu_db/results/logs_20260313_213223/verification_report.txt
Latency CSV: /workspace/gpu_db/results/logs_20260313_213223/test_latency.csv (117 rows)
Energy CSV:  /workspace/gpu_db/results/logs_20260313_213223/test_energy.csv (117 rows)
